#
# There is insufficient memory for the Java Runtime Environment to continue.
# Native memory allocation (malloc) failed to allocate 1512560 bytes. Error detail: Chunk::new
# Possible reasons:
#   The system is out of physical RAM or swap space
#   This process is running with CompressedOops enabled, and the Java Heap may be blocking the growth of the native heap
# Possible solutions:
#   Reduce memory load on the system
#   Increase physical memory or swap space
#   Check if swap backing store is full
#   Decrease Java heap size (-Xmx/-Xms)
#   Decrease number of Java threads
#   Decrease Java thread stack sizes (-Xss)
#   Set larger code cache with -XX:ReservedCodeCacheSize=
#   JVM is running with Unscaled Compressed Oops mode in which the Java heap is
#     placed in the first 4GB address space. The Java Heap base address is the
#     maximum limit for the native heap growth. Please use -XX:HeapBaseMinAddress
#     to set the Java Heap base and to place the Java Heap above 4GB virtual address.
# This output file may be truncated or incomplete.
#
#  Out of Memory Error (arena.cpp:168), pid=12708, tid=6736
#
# JRE version: OpenJDK Runtime Environment (21.0.6) (build 21.0.6+-13355223-b631.42)
# Java VM: OpenJDK 64-Bit Server VM (21.0.6+-13355223-b631.42, mixed mode, tiered, compressed oops, compressed class ptrs, g1 gc, windows-amd64)
# No core dump will be written. Minidumps are not enabled by default on client versions of Windows
#

---------------  S U M M A R Y ------------

Command Line: --add-opens=java.base/java.lang=ALL-UNNAMED --add-opens=java.base/java.lang.invoke=ALL-UNNAMED --add-opens=java.base/java.util=ALL-UNNAMED --add-opens=java.prefs/java.util.prefs=ALL-UNNAMED --add-exports=jdk.compiler/com.sun.tools.javac.api=ALL-UNNAMED --add-exports=jdk.compiler/com.sun.tools.javac.util=ALL-UNNAMED --add-opens=java.base/java.util=ALL-UNNAMED --add-opens=java.prefs/java.util.prefs=ALL-UNNAMED --add-opens=java.base/java.nio.charset=ALL-UNNAMED --add-opens=java.base/java.net=ALL-UNNAMED --add-opens=java.base/java.util.concurrent.atomic=ALL-UNNAMED --add-opens=java.xml/javax.xml.namespace=ALL-UNNAMED -Xmx2048m -Dfile.encoding=UTF-8 -Duser.country=US -Duser.language=en -Duser.variant -javaagent:C:\Users\chaim\.gradle\wrapper\dists\gradle-8.11.1-bin\bpt9gzteqjrbo1mjrsomdt32c\gradle-8.11.1\lib\agents\gradle-instrumentation-agent-8.11.1.jar org.gradle.launcher.daemon.bootstrap.GradleDaemon 8.11.1

Host: Intel(R) Core(TM) i5-8350U CPU @ 1.70GHz, 8 cores, 7G,  Windows 11 , 64 bit Build 26100 (10.0.26100.3912)
Time: Wed May 21 23:47:23 2025 W. Central Africa Standard Time elapsed time: 18.995222 seconds (0d 0h 0m 18s)

---------------  T H R E A D  ---------------

Current thread (0x00000226fab5e2b0):  JavaThread "C2 CompilerThread0" daemon [_thread_in_native, id=6736, stack(0x0000005642400000,0x0000005642500000) (1024K)]


Current CompileTask:
C2:18995 8384   !   4       com.google.common.reflect.TypeVisitor::visit (225 bytes)

Stack: [0x0000005642400000,0x0000005642500000]
Native frames: (J=compiled Java code, j=interpreted, Vv=VM code, C=native code)
V  [jvm.dll+0x6d05a9]
V  [jvm.dll+0x85ea73]
V  [jvm.dll+0x860fce]
V  [jvm.dll+0x8616b3]
V  [jvm.dll+0x27e6e6]
V  [jvm.dll+0xbff6d]
V  [jvm.dll+0xc04a3]
V  [jvm.dll+0x3b616b]
V  [jvm.dll+0x382097]
V  [jvm.dll+0x38150a]
V  [jvm.dll+0x247c82]
V  [jvm.dll+0x247251]
V  [jvm.dll+0x1c5f04]
V  [jvm.dll+0x2569ac]
V  [jvm.dll+0x254ef6]
V  [jvm.dll+0x3f0e56]
V  [jvm.dll+0x806e48]
V  [jvm.dll+0x6cee7d]
C  [ucrtbase.dll+0x37b0]
C  [KERNEL32.DLL+0x2e8d7]
C  [ntdll.dll+0x9c5dc]


---------------  P R O C E S S  ---------------

Threads class SMR info:
_java_thread_list=0x0000022683a86c90, length=56, elements={
0x00000226e0fd4b60, 0x00000226fab76db0, 0x00000226fab79810, 0x00000226fab5cd30,
0x00000226fab79fa0, 0x00000226fab7a9f0, 0x00000226fab7b440, 0x00000226fab5e2b0,
0x00000226fab5ed40, 0x00000226facda210, 0x00000226fae86f50, 0x000002268114a060,
0x00000226810d4bb0, 0x0000022681317330, 0x0000022680a96810, 0x0000022681316810,
0x000002268116aee0, 0x0000022681385320, 0x0000022681385e20, 0x00000226812529b0,
0x0000022681251c90, 0x0000022681250f70, 0x0000022681251600, 0x0000022681252320,
0x000002268124f530, 0x000002268124fbc0, 0x0000022681250250, 0x00000226812508e0,
0x00000226ff486510, 0x00000226ff486ba0, 0x00000226ff487230, 0x00000226ff4878c0,
0x00000226ff48a020, 0x00000226ff48ba60, 0x00000226ff489990, 0x00000226ff48ce10,
0x00000226ff48c0f0, 0x00000226ff48d4a0, 0x000002268491dfb0, 0x000002268491f360,
0x000002268491f9f0, 0x000002268491e640, 0x000002268491d290, 0x000002268491ecd0,
0x000002268491c570, 0x000002268491cc00, 0x0000022684920da0, 0x0000022684920080,
0x0000022684920710, 0x000002268491d920, 0x0000022684922150, 0x0000022684921430,
0x0000022684921ac0, 0x00000226856e29a0, 0x00000226818b1230, 0x00000226856e15f0
}

Java Threads: ( => current thread )
  0x00000226e0fd4b60 JavaThread "main"                              [_thread_blocked, id=12108, stack(0x0000005641600000,0x0000005641700000) (1024K)]
  0x00000226fab76db0 JavaThread "Reference Handler"          daemon [_thread_blocked, id=4028, stack(0x0000005641e00000,0x0000005641f00000) (1024K)]
  0x00000226fab79810 JavaThread "Finalizer"                  daemon [_thread_blocked, id=12636, stack(0x0000005641f00000,0x0000005642000000) (1024K)]
  0x00000226fab5cd30 JavaThread "Signal Dispatcher"          daemon [_thread_blocked, id=9700, stack(0x0000005642000000,0x0000005642100000) (1024K)]
  0x00000226fab79fa0 JavaThread "Attach Listener"            daemon [_thread_blocked, id=12812, stack(0x0000005642100000,0x0000005642200000) (1024K)]
  0x00000226fab7a9f0 JavaThread "Service Thread"             daemon [_thread_blocked, id=12368, stack(0x0000005642200000,0x0000005642300000) (1024K)]
  0x00000226fab7b440 JavaThread "Monitor Deflation Thread"   daemon [_thread_blocked, id=5720, stack(0x0000005642300000,0x0000005642400000) (1024K)]
=>0x00000226fab5e2b0 JavaThread "C2 CompilerThread0"         daemon [_thread_in_native, id=6736, stack(0x0000005642400000,0x0000005642500000) (1024K)]
  0x00000226fab5ed40 JavaThread "C1 CompilerThread0"         daemon [_thread_blocked, id=9864, stack(0x0000005642500000,0x0000005642600000) (1024K)]
  0x00000226facda210 JavaThread "Common-Cleaner"             daemon [_thread_blocked, id=10576, stack(0x0000005642600000,0x0000005642700000) (1024K)]
  0x00000226fae86f50 JavaThread "Notification Thread"        daemon [_thread_blocked, id=12712, stack(0x0000005642700000,0x0000005642800000) (1024K)]
  0x000002268114a060 JavaThread "Daemon health stats"               [_thread_blocked, id=4144, stack(0x0000005642e00000,0x0000005642f00000) (1024K)]
  0x00000226810d4bb0 JavaThread "Incoming local TCP Connector on port 50753"        [_thread_in_native, id=12352, stack(0x0000005642f00000,0x0000005643000000) (1024K)]
  0x0000022681317330 JavaThread "Daemon periodic checks"            [_thread_blocked, id=6860, stack(0x0000005643000000,0x0000005643100000) (1024K)]
  0x0000022680a96810 JavaThread "Daemon"                            [_thread_blocked, id=9200, stack(0x0000005643100000,0x0000005643200000) (1024K)]
  0x0000022681316810 JavaThread "Handler for socket connection from /127.0.0.1:50753 to /127.0.0.1:50754"        [_thread_in_native, id=512, stack(0x0000005643200000,0x0000005643300000) (1024K)]
  0x000002268116aee0 JavaThread "Cancel handler"                    [_thread_blocked, id=8268, stack(0x0000005643300000,0x0000005643400000) (1024K)]
  0x0000022681385320 JavaThread "Daemon worker"                     [_thread_in_native, id=7068, stack(0x0000005643400000,0x0000005643500000) (1024K)]
  0x0000022681385e20 JavaThread "Asynchronous log dispatcher for DefaultDaemonConnection: socket connection from /127.0.0.1:50753 to /127.0.0.1:50754"        [_thread_blocked, id=8312, stack(0x0000005643500000,0x0000005643600000) (1024K)]
  0x00000226812529b0 JavaThread "Stdin handler"                     [_thread_blocked, id=2020, stack(0x0000005643600000,0x0000005643700000) (1024K)]
  0x0000022681251c90 JavaThread "Daemon client event forwarder"        [_thread_blocked, id=328, stack(0x0000005643700000,0x0000005643800000) (1024K)]
  0x0000022681250f70 JavaThread "Cache worker for journal cache (C:\Users\chaim\.gradle\caches\journal-1)"        [_thread_blocked, id=11696, stack(0x0000005643b00000,0x0000005643c00000) (1024K)]
  0x0000022681251600 JavaThread "File lock request listener"        [_thread_in_native, id=7400, stack(0x0000005643c00000,0x0000005643d00000) (1024K)]
  0x0000022681252320 JavaThread "Cache worker for file hash cache (C:\Users\chaim\.gradle\caches\8.11.1\fileHashes)"        [_thread_blocked, id=14268, stack(0x0000005643d00000,0x0000005643e00000) (1024K)]
  0x000002268124f530 JavaThread "Cache worker for file content cache (C:\Users\chaim\.gradle\caches\8.11.1\fileContent)"        [_thread_blocked, id=12356, stack(0x0000005643f00000,0x0000005644000000) (1024K)]
  0x000002268124fbc0 JavaThread "Cache worker for file hash cache (C:\Users\chaim\AndroidStudioProjects\Ahlu-al-Quran\.gradle\8.11.1\fileHashes)"        [_thread_blocked, id=2148, stack(0x0000005644000000,0x0000005644100000) (1024K)]
  0x0000022681250250 JavaThread "Cache worker for Build Output Cleanup Cache (C:\Users\chaim\AndroidStudioProjects\Ahlu-al-Quran\.gradle\buildOutputCleanup)"        [_thread_blocked, id=13964, stack(0x0000005644100000,0x0000005644200000) (1024K)]
  0x00000226812508e0 JavaThread "File watcher server"        daemon [_thread_in_native, id=8944, stack(0x0000005643e00000,0x0000005643f00000) (1024K)]
  0x00000226ff486510 JavaThread "File watcher consumer"      daemon [_thread_blocked, id=8604, stack(0x0000005644200000,0x0000005644300000) (1024K)]
  0x00000226ff486ba0 JavaThread "Cache worker for checksums cache (C:\Users\chaim\AndroidStudioProjects\Ahlu-al-Quran\.gradle\8.11.1\checksums)"        [_thread_blocked, id=8152, stack(0x0000005642900000,0x0000005642a00000) (1024K)]
  0x00000226ff487230 JavaThread "Cache worker for cache directory md-rule (C:\Users\chaim\.gradle\caches\8.11.1\md-rule)"        [_thread_blocked, id=1652, stack(0x0000005644300000,0x0000005644400000) (1024K)]
  0x00000226ff4878c0 JavaThread "Cache worker for cache directory md-supplier (C:\Users\chaim\.gradle\caches\8.11.1\md-supplier)"        [_thread_blocked, id=13196, stack(0x0000005644400000,0x0000005644500000) (1024K)]
  0x00000226ff48a020 JavaThread "Unconstrained build operations"        [_thread_blocked, id=11792, stack(0x0000005644600000,0x0000005644700000) (1024K)]
  0x00000226ff48ba60 JavaThread "Unconstrained build operations Thread 2"        [_thread_blocked, id=7972, stack(0x0000005644700000,0x0000005644800000) (1024K)]
  0x00000226ff489990 JavaThread "Unconstrained build operations Thread 3"        [_thread_blocked, id=13356, stack(0x0000005644800000,0x0000005644900000) (1024K)]
  0x00000226ff48ce10 JavaThread "Unconstrained build operations Thread 4"        [_thread_blocked, id=3624, stack(0x0000005644900000,0x0000005644a00000) (1024K)]
  0x00000226ff48c0f0 JavaThread "Unconstrained build operations Thread 5"        [_thread_blocked, id=5248, stack(0x0000005644a00000,0x0000005644b00000) (1024K)]
  0x00000226ff48d4a0 JavaThread "Unconstrained build operations Thread 6"        [_thread_blocked, id=6200, stack(0x0000005644b00000,0x0000005644c00000) (1024K)]
  0x000002268491dfb0 JavaThread "Unconstrained build operations Thread 7"        [_thread_blocked, id=13316, stack(0x0000005644c00000,0x0000005644d00000) (1024K)]
  0x000002268491f360 JavaThread "Unconstrained build operations Thread 8"        [_thread_blocked, id=13104, stack(0x0000005644d00000,0x0000005644e00000) (1024K)]
  0x000002268491f9f0 JavaThread "Unconstrained build operations Thread 9"        [_thread_blocked, id=8380, stack(0x0000005644e00000,0x0000005644f00000) (1024K)]
  0x000002268491e640 JavaThread "Unconstrained build operations Thread 10"        [_thread_blocked, id=3192, stack(0x0000005644f00000,0x0000005645000000) (1024K)]
  0x000002268491d290 JavaThread "Unconstrained build operations Thread 11"        [_thread_blocked, id=13468, stack(0x0000005645000000,0x0000005645100000) (1024K)]
  0x000002268491ecd0 JavaThread "Unconstrained build operations Thread 12"        [_thread_blocked, id=8496, stack(0x0000005645100000,0x0000005645200000) (1024K)]
  0x000002268491c570 JavaThread "Unconstrained build operations Thread 13"        [_thread_blocked, id=10696, stack(0x0000005645200000,0x0000005645300000) (1024K)]
  0x000002268491cc00 JavaThread "Unconstrained build operations Thread 14"        [_thread_blocked, id=2056, stack(0x0000005645300000,0x0000005645400000) (1024K)]
  0x0000022684920da0 JavaThread "Unconstrained build operations Thread 15"        [_thread_blocked, id=6756, stack(0x0000005645400000,0x0000005645500000) (1024K)]
  0x0000022684920080 JavaThread "Unconstrained build operations Thread 16"        [_thread_blocked, id=6604, stack(0x0000005645500000,0x0000005645600000) (1024K)]
  0x0000022684920710 JavaThread "Unconstrained build operations Thread 17"        [_thread_blocked, id=11612, stack(0x0000005645600000,0x0000005645700000) (1024K)]
  0x000002268491d920 JavaThread "Unconstrained build operations Thread 18"        [_thread_blocked, id=12204, stack(0x0000005645700000,0x0000005645800000) (1024K)]
  0x0000022684922150 JavaThread "Unconstrained build operations Thread 19"        [_thread_blocked, id=744, stack(0x0000005645800000,0x0000005645900000) (1024K)]
  0x0000022684921430 JavaThread "Unconstrained build operations Thread 20"        [_thread_blocked, id=7872, stack(0x0000005645900000,0x0000005645a00000) (1024K)]
  0x0000022684921ac0 JavaThread "Unconstrained build operations Thread 21"        [_thread_blocked, id=4076, stack(0x0000005645a00000,0x0000005645b00000) (1024K)]
  0x00000226856e29a0 JavaThread "build event listener"              [_thread_blocked, id=6388, stack(0x0000005644500000,0x0000005644600000) (1024K)]
  0x00000226818b1230 JavaThread "C2 CompilerThread1"         daemon [_thread_in_native, id=8620, stack(0x0000005645b00000,0x0000005645c00000) (1024K)]
  0x00000226856e15f0 JavaThread "Memory manager"                    [_thread_blocked, id=14116, stack(0x0000005645c00000,0x0000005645d00000) (1024K)]
Total: 56

Other Threads:
  0x00000226fa982370 VMThread "VM Thread"                           [id=11080, stack(0x0000005641d00000,0x0000005641e00000) (1024K)]
  0x00000226fa934970 WatcherThread "VM Periodic Task Thread"        [id=4620, stack(0x0000005641c00000,0x0000005641d00000) (1024K)]
  0x00000226e32f1a60 WorkerThread "GC Thread#0"                     [id=1032, stack(0x0000005641700000,0x0000005641800000) (1024K)]
  0x00000226ff5478d0 WorkerThread "GC Thread#1"                     [id=13492, stack(0x0000005642a00000,0x0000005642b00000) (1024K)]
  0x00000226ff7589d0 WorkerThread "GC Thread#2"                     [id=7948, stack(0x0000005642b00000,0x0000005642c00000) (1024K)]
  0x00000226808ecf30 WorkerThread "GC Thread#3"                     [id=3312, stack(0x0000005642c00000,0x0000005642d00000) (1024K)]
  0x00000226805ec560 WorkerThread "GC Thread#4"                     [id=5208, stack(0x0000005642d00000,0x0000005642e00000) (1024K)]
  0x0000022680688fb0 WorkerThread "GC Thread#5"                     [id=4108, stack(0x0000005642800000,0x0000005642900000) (1024K)]
  0x00000226812842f0 WorkerThread "GC Thread#6"                     [id=11292, stack(0x0000005643800000,0x0000005643900000) (1024K)]
  0x0000022681283470 WorkerThread "GC Thread#7"                     [id=8612, stack(0x0000005643900000,0x0000005643a00000) (1024K)]
  0x00000226e3302ab0 ConcurrentGCThread "G1 Main Marker"            [id=8988, stack(0x0000005641800000,0x0000005641900000) (1024K)]
  0x00000226e33057f0 WorkerThread "G1 Conc#0"                       [id=3248, stack(0x0000005641900000,0x0000005641a00000) (1024K)]
  0x0000022681283810 WorkerThread "G1 Conc#1"                       [id=4632, stack(0x0000005643a00000,0x0000005643b00000) (1024K)]
  0x00000226fa804180 ConcurrentGCThread "G1 Refine#0"               [id=7596, stack(0x0000005641a00000,0x0000005641b00000) (1024K)]
  0x00000226fa8069b0 ConcurrentGCThread "G1 Service"                [id=4652, stack(0x0000005641b00000,0x0000005641c00000) (1024K)]
Total: 15

Threads with active compile tasks:
C2 CompilerThread0  19118 8384   !   4       com.google.common.reflect.TypeVisitor::visit (225 bytes)
C2 CompilerThread1  19118 8422       4       org.objectweb.asm.Type::getDescriptor (73 bytes)
Total: 2

VM state: not at safepoint (normal execution)

VM Mutex/Monitor currently owned by a thread: None

Heap address: 0x0000000080000000, size: 2048 MB, Compressed Oops mode: 32-bit

CDS archive(s) not mapped
Compressed class space mapped at: 0x0000000100000000-0x0000000140000000, reserved size: 1073741824
Narrow klass base: 0x0000000000000000, Narrow klass shift: 3, Narrow klass range: 0x140000000

GC Precious Log:
 CardTable entry size: 512
 Card Set container configuration: InlinePtr #cards 5 size 8 Array Of Cards #cards 12 size 40 Howl #buckets 4 coarsen threshold 1843 Howl Bitmap #cards 512 size 80 coarsen threshold 460 Card regions per heap region 1 cards per card region 2048
 CPUs: 8 total, 8 available
 Memory: 8035M
 Large Page Support: Disabled
 NUMA Support: Disabled
 Compressed Oops: Enabled (32-bit)
 Heap Region Size: 1M
 Heap Min Capacity: 8M
 Heap Initial Capacity: 126M
 Heap Max Capacity: 2G
 Pre-touch: Disabled
 Parallel Workers: 8
 Concurrent Workers: 2
 Concurrent Refinement Workers: 8
 Periodic GC: Disabled

Heap:
 garbage-first heap   total 108544K, used 85310K [0x0000000080000000, 0x0000000100000000)
  region size 1024K, 27 young (27648K), 2 survivors (2048K)
 Metaspace       used 75215K, committed 77056K, reserved 1179648K
  class space    used 10177K, committed 11072K, reserved 1048576K

Heap Regions: E=young(eden), S=young(survivor), O=old, HS=humongous(starts), HC=humongous(continues), CS=collection set, F=free, TAMS=top-at-mark-start, PB=parsable bottom
|   0|0x0000000080000000, 0x0000000080100000, 0x0000000080100000|100%| O|  |TAMS 0x0000000080000000| PB 0x0000000080000000| Untracked 
|   1|0x0000000080100000, 0x0000000080200000, 0x0000000080200000|100%|HS|  |TAMS 0x0000000080100000| PB 0x0000000080100000| Complete 
|   2|0x0000000080200000, 0x0000000080300000, 0x0000000080300000|100%|HC|  |TAMS 0x0000000080200000| PB 0x0000000080200000| Complete 
|   3|0x0000000080300000, 0x0000000080400000, 0x0000000080400000|100%|HC|  |TAMS 0x0000000080300000| PB 0x0000000080300000| Complete 
|   4|0x0000000080400000, 0x0000000080500000, 0x0000000080500000|100%| O|  |TAMS 0x0000000080400000| PB 0x0000000080400000| Untracked 
|   5|0x0000000080500000, 0x0000000080600000, 0x0000000080600000|100%| O|  |TAMS 0x0000000080500000| PB 0x0000000080500000| Untracked 
|   6|0x0000000080600000, 0x0000000080700000, 0x0000000080700000|100%| O|  |TAMS 0x0000000080600000| PB 0x0000000080600000| Untracked 
|   7|0x0000000080700000, 0x0000000080800000, 0x0000000080800000|100%|HS|  |TAMS 0x0000000080700000| PB 0x0000000080700000| Complete 
|   8|0x0000000080800000, 0x0000000080900000, 0x0000000080900000|100%| O|  |TAMS 0x0000000080800000| PB 0x0000000080800000| Untracked 
|   9|0x0000000080900000, 0x0000000080a00000, 0x0000000080a00000|100%| O|  |TAMS 0x0000000080900000| PB 0x0000000080900000| Untracked 
|  10|0x0000000080a00000, 0x0000000080b00000, 0x0000000080b00000|100%| O|  |TAMS 0x0000000080a00000| PB 0x0000000080a00000| Untracked 
|  11|0x0000000080b00000, 0x0000000080c00000, 0x0000000080c00000|100%| O|  |TAMS 0x0000000080b00000| PB 0x0000000080b00000| Untracked 
|  12|0x0000000080c00000, 0x0000000080d00000, 0x0000000080d00000|100%| O|  |TAMS 0x0000000080c00000| PB 0x0000000080c00000| Untracked 
|  13|0x0000000080d00000, 0x0000000080e00000, 0x0000000080e00000|100%| O|  |TAMS 0x0000000080d00000| PB 0x0000000080d00000| Untracked 
|  14|0x0000000080e00000, 0x0000000080f00000, 0x0000000080f00000|100%| O|  |TAMS 0x0000000080e00000| PB 0x0000000080e00000| Untracked 
|  15|0x0000000080f00000, 0x0000000081000000, 0x0000000081000000|100%| O|  |TAMS 0x0000000080f00000| PB 0x0000000080f00000| Untracked 
|  16|0x0000000081000000, 0x0000000081100000, 0x0000000081100000|100%| O|  |TAMS 0x0000000081000000| PB 0x0000000081000000| Untracked 
|  17|0x0000000081100000, 0x0000000081200000, 0x0000000081200000|100%| O|  |TAMS 0x0000000081100000| PB 0x0000000081100000| Untracked 
|  18|0x0000000081200000, 0x0000000081300000, 0x0000000081300000|100%| O|  |TAMS 0x0000000081200000| PB 0x0000000081200000| Untracked 
|  19|0x0000000081300000, 0x0000000081400000, 0x0000000081400000|100%| O|  |TAMS 0x0000000081300000| PB 0x0000000081300000| Untracked 
|  20|0x0000000081400000, 0x0000000081500000, 0x0000000081500000|100%| O|  |TAMS 0x0000000081400000| PB 0x0000000081400000| Untracked 
|  21|0x0000000081500000, 0x0000000081600000, 0x0000000081600000|100%| O|  |TAMS 0x0000000081500000| PB 0x0000000081500000| Untracked 
|  22|0x0000000081600000, 0x0000000081700000, 0x0000000081700000|100%| O|  |TAMS 0x0000000081600000| PB 0x0000000081600000| Untracked 
|  23|0x0000000081700000, 0x0000000081800000, 0x0000000081800000|100%| O|  |TAMS 0x0000000081700000| PB 0x0000000081700000| Untracked 
|  24|0x0000000081800000, 0x0000000081900000, 0x0000000081900000|100%| O|  |TAMS 0x0000000081800000| PB 0x0000000081800000| Untracked 
|  25|0x0000000081900000, 0x0000000081900000, 0x0000000081a00000|  0%| F|  |TAMS 0x0000000081900000| PB 0x0000000081900000| Untracked 
|  26|0x0000000081a00000, 0x0000000081b00000, 0x0000000081b00000|100%| O|  |TAMS 0x0000000081a00000| PB 0x0000000081a00000| Untracked 
|  27|0x0000000081b00000, 0x0000000081c00000, 0x0000000081c00000|100%| O|  |TAMS 0x0000000081b00000| PB 0x0000000081b00000| Untracked 
|  28|0x0000000081c00000, 0x0000000081d00000, 0x0000000081d00000|100%| O|  |TAMS 0x0000000081c00000| PB 0x0000000081c00000| Untracked 
|  29|0x0000000081d00000, 0x0000000081e00000, 0x0000000081e00000|100%| O|  |TAMS 0x0000000081d00000| PB 0x0000000081d00000| Untracked 
|  30|0x0000000081e00000, 0x0000000081f00000, 0x0000000081f00000|100%| O|  |TAMS 0x0000000081e00000| PB 0x0000000081e00000| Untracked 
|  31|0x0000000081f00000, 0x0000000082000000, 0x0000000082000000|100%| O|  |TAMS 0x0000000081f00000| PB 0x0000000081f00000| Untracked 
|  32|0x0000000082000000, 0x0000000082100000, 0x0000000082100000|100%| O|  |TAMS 0x0000000082000000| PB 0x0000000082000000| Untracked 
|  33|0x0000000082100000, 0x0000000082200000, 0x0000000082200000|100%|HS|  |TAMS 0x0000000082100000| PB 0x0000000082100000| Complete 
|  34|0x0000000082200000, 0x0000000082300000, 0x0000000082300000|100%|HS|  |TAMS 0x0000000082200000| PB 0x0000000082200000| Complete 
|  35|0x0000000082300000, 0x0000000082400000, 0x0000000082400000|100%|HS|  |TAMS 0x0000000082300000| PB 0x0000000082300000| Complete 
|  36|0x0000000082400000, 0x0000000082500000, 0x0000000082500000|100%|HS|  |TAMS 0x0000000082400000| PB 0x0000000082400000| Complete 
|  37|0x0000000082500000, 0x0000000082600000, 0x0000000082600000|100%| O|  |TAMS 0x0000000082500000| PB 0x0000000082500000| Untracked 
|  38|0x0000000082600000, 0x0000000082700000, 0x0000000082700000|100%| O|  |TAMS 0x0000000082600000| PB 0x0000000082600000| Untracked 
|  39|0x0000000082700000, 0x0000000082800000, 0x0000000082800000|100%| O|  |TAMS 0x0000000082700000| PB 0x0000000082700000| Untracked 
|  40|0x0000000082800000, 0x0000000082900000, 0x0000000082900000|100%| O|  |TAMS 0x0000000082800000| PB 0x0000000082800000| Untracked 
|  41|0x0000000082900000, 0x0000000082a00000, 0x0000000082a00000|100%| O|  |TAMS 0x0000000082900000| PB 0x0000000082900000| Untracked 
|  42|0x0000000082a00000, 0x0000000082b00000, 0x0000000082b00000|100%| O|  |TAMS 0x0000000082a00000| PB 0x0000000082a00000| Untracked 
|  43|0x0000000082b00000, 0x0000000082c00000, 0x0000000082c00000|100%|HS|  |TAMS 0x0000000082b00000| PB 0x0000000082b00000| Complete 
|  44|0x0000000082c00000, 0x0000000082d00000, 0x0000000082d00000|100%|HS|  |TAMS 0x0000000082c00000| PB 0x0000000082c00000| Complete 
|  45|0x0000000082d00000, 0x0000000082d00000, 0x0000000082e00000|  0%| F|  |TAMS 0x0000000082d00000| PB 0x0000000082d00000| Untracked 
|  46|0x0000000082e00000, 0x0000000082e00000, 0x0000000082f00000|  0%| F|  |TAMS 0x0000000082e00000| PB 0x0000000082e00000| Untracked 
|  47|0x0000000082f00000, 0x0000000083000000, 0x0000000083000000|100%| O|  |TAMS 0x0000000082f00000| PB 0x0000000082f00000| Untracked 
|  48|0x0000000083000000, 0x0000000083100000, 0x0000000083100000|100%| O|  |TAMS 0x0000000083000000| PB 0x0000000083000000| Untracked 
|  49|0x0000000083100000, 0x0000000083200000, 0x0000000083200000|100%| O|  |TAMS 0x0000000083100000| PB 0x0000000083100000| Untracked 
|  50|0x0000000083200000, 0x0000000083200000, 0x0000000083300000|  0%| F|  |TAMS 0x0000000083200000| PB 0x0000000083200000| Untracked 
|  51|0x0000000083300000, 0x0000000083400000, 0x0000000083400000|100%| O|  |TAMS 0x0000000083300000| PB 0x0000000083300000| Untracked 
|  52|0x0000000083400000, 0x0000000083500000, 0x0000000083500000|100%| O|  |TAMS 0x0000000083400000| PB 0x0000000083400000| Untracked 
|  53|0x0000000083500000, 0x0000000083525e88, 0x0000000083600000| 14%| O|  |TAMS 0x0000000083500000| PB 0x0000000083500000| Untracked 
|  54|0x0000000083600000, 0x0000000083600000, 0x0000000083700000|  0%| F|  |TAMS 0x0000000083600000| PB 0x0000000083600000| Untracked 
|  55|0x0000000083700000, 0x0000000083700000, 0x0000000083800000|  0%| F|  |TAMS 0x0000000083700000| PB 0x0000000083700000| Untracked 
|  56|0x0000000083800000, 0x0000000083800000, 0x0000000083900000|  0%| F|  |TAMS 0x0000000083800000| PB 0x0000000083800000| Untracked 
|  57|0x0000000083900000, 0x0000000083900000, 0x0000000083a00000|  0%| F|  |TAMS 0x0000000083900000| PB 0x0000000083900000| Untracked 
|  58|0x0000000083a00000, 0x0000000083a29ca0, 0x0000000083b00000| 16%| S|CS|TAMS 0x0000000083a00000| PB 0x0000000083a00000| Complete 
|  59|0x0000000083b00000, 0x0000000083c00000, 0x0000000083c00000|100%| S|CS|TAMS 0x0000000083b00000| PB 0x0000000083b00000| Complete 
|  60|0x0000000083c00000, 0x0000000083c00000, 0x0000000083d00000|  0%| F|  |TAMS 0x0000000083c00000| PB 0x0000000083c00000| Untracked 
|  61|0x0000000083d00000, 0x0000000083d00000, 0x0000000083e00000|  0%| F|  |TAMS 0x0000000083d00000| PB 0x0000000083d00000| Untracked 
|  62|0x0000000083e00000, 0x0000000083e00000, 0x0000000083f00000|  0%| F|  |TAMS 0x0000000083e00000| PB 0x0000000083e00000| Untracked 
|  63|0x0000000083f00000, 0x0000000083f00000, 0x0000000084000000|  0%| F|  |TAMS 0x0000000083f00000| PB 0x0000000083f00000| Untracked 
|  64|0x0000000084000000, 0x0000000084000000, 0x0000000084100000|  0%| F|  |TAMS 0x0000000084000000| PB 0x0000000084000000| Untracked 
|  65|0x0000000084100000, 0x0000000084100000, 0x0000000084200000|  0%| F|  |TAMS 0x0000000084100000| PB 0x0000000084100000| Untracked 
|  66|0x0000000084200000, 0x0000000084200000, 0x0000000084300000|  0%| F|  |TAMS 0x0000000084200000| PB 0x0000000084200000| Untracked 
|  67|0x0000000084300000, 0x0000000084300000, 0x0000000084400000|  0%| F|  |TAMS 0x0000000084300000| PB 0x0000000084300000| Untracked 
|  68|0x0000000084400000, 0x0000000084400000, 0x0000000084500000|  0%| F|  |TAMS 0x0000000084400000| PB 0x0000000084400000| Untracked 
|  69|0x0000000084500000, 0x0000000084500000, 0x0000000084600000|  0%| F|  |TAMS 0x0000000084500000| PB 0x0000000084500000| Untracked 
|  70|0x0000000084600000, 0x0000000084600000, 0x0000000084700000|  0%| F|  |TAMS 0x0000000084600000| PB 0x0000000084600000| Untracked 
|  71|0x0000000084700000, 0x0000000084700000, 0x0000000084800000|  0%| F|  |TAMS 0x0000000084700000| PB 0x0000000084700000| Untracked 
|  72|0x0000000084800000, 0x0000000084900000, 0x0000000084900000|100%| E|  |TAMS 0x0000000084800000| PB 0x0000000084800000| Complete 
|  73|0x0000000084900000, 0x0000000084a00000, 0x0000000084a00000|100%| E|CS|TAMS 0x0000000084900000| PB 0x0000000084900000| Complete 
|  74|0x0000000084a00000, 0x0000000084b00000, 0x0000000084b00000|100%| E|CS|TAMS 0x0000000084a00000| PB 0x0000000084a00000| Complete 
|  75|0x0000000084b00000, 0x0000000084c00000, 0x0000000084c00000|100%| E|CS|TAMS 0x0000000084b00000| PB 0x0000000084b00000| Complete 
|  76|0x0000000084c00000, 0x0000000084d00000, 0x0000000084d00000|100%| E|CS|TAMS 0x0000000084c00000| PB 0x0000000084c00000| Complete 
|  77|0x0000000084d00000, 0x0000000084e00000, 0x0000000084e00000|100%| E|CS|TAMS 0x0000000084d00000| PB 0x0000000084d00000| Complete 
|  78|0x0000000084e00000, 0x0000000084f00000, 0x0000000084f00000|100%| E|CS|TAMS 0x0000000084e00000| PB 0x0000000084e00000| Complete 
|  79|0x0000000084f00000, 0x0000000085000000, 0x0000000085000000|100%| E|CS|TAMS 0x0000000084f00000| PB 0x0000000084f00000| Complete 
|  80|0x0000000085000000, 0x0000000085100000, 0x0000000085100000|100%| E|CS|TAMS 0x0000000085000000| PB 0x0000000085000000| Complete 
|  81|0x0000000085100000, 0x0000000085200000, 0x0000000085200000|100%| E|CS|TAMS 0x0000000085100000| PB 0x0000000085100000| Complete 
|  82|0x0000000085200000, 0x0000000085300000, 0x0000000085300000|100%| E|CS|TAMS 0x0000000085200000| PB 0x0000000085200000| Complete 
|  83|0x0000000085300000, 0x0000000085400000, 0x0000000085400000|100%| E|CS|TAMS 0x0000000085300000| PB 0x0000000085300000| Complete 
|  84|0x0000000085400000, 0x0000000085500000, 0x0000000085500000|100%| E|CS|TAMS 0x0000000085400000| PB 0x0000000085400000| Complete 
|  85|0x0000000085500000, 0x0000000085600000, 0x0000000085600000|100%| E|CS|TAMS 0x0000000085500000| PB 0x0000000085500000| Complete 
|  90|0x0000000085a00000, 0x0000000085b00000, 0x0000000085b00000|100%| E|CS|TAMS 0x0000000085a00000| PB 0x0000000085a00000| Complete 
|  91|0x0000000085b00000, 0x0000000085c00000, 0x0000000085c00000|100%| E|CS|TAMS 0x0000000085b00000| PB 0x0000000085b00000| Complete 
|  92|0x0000000085c00000, 0x0000000085d00000, 0x0000000085d00000|100%| E|CS|TAMS 0x0000000085c00000| PB 0x0000000085c00000| Complete 
|  93|0x0000000085d00000, 0x0000000085e00000, 0x0000000085e00000|100%| E|CS|TAMS 0x0000000085d00000| PB 0x0000000085d00000| Complete 
|  94|0x0000000085e00000, 0x0000000085f00000, 0x0000000085f00000|100%| E|CS|TAMS 0x0000000085e00000| PB 0x0000000085e00000| Complete 
|  95|0x0000000085f00000, 0x0000000086000000, 0x0000000086000000|100%| E|CS|TAMS 0x0000000085f00000| PB 0x0000000085f00000| Complete 
|  96|0x0000000086000000, 0x0000000086100000, 0x0000000086100000|100%| E|CS|TAMS 0x0000000086000000| PB 0x0000000086000000| Complete 
|  97|0x0000000086100000, 0x0000000086200000, 0x0000000086200000|100%| E|CS|TAMS 0x0000000086100000| PB 0x0000000086100000| Complete 
|  98|0x0000000086200000, 0x0000000086300000, 0x0000000086300000|100%| E|CS|TAMS 0x0000000086200000| PB 0x0000000086200000| Complete 
| 124|0x0000000087c00000, 0x0000000087d00000, 0x0000000087d00000|100%| E|CS|TAMS 0x0000000087c00000| PB 0x0000000087c00000| Complete 
| 125|0x0000000087d00000, 0x0000000087e00000, 0x0000000087e00000|100%| E|CS|TAMS 0x0000000087d00000| PB 0x0000000087d00000| Complete 
|2039|0x00000000ff700000, 0x00000000ff800000, 0x00000000ff800000|100%| O|  |TAMS 0x00000000ff700000| PB 0x00000000ff700000| Untracked 
|2040|0x00000000ff800000, 0x00000000ff900000, 0x00000000ff900000|100%| O|  |TAMS 0x00000000ff800000| PB 0x00000000ff800000| Untracked 
|2041|0x00000000ff900000, 0x00000000ffa00000, 0x00000000ffa00000|100%| O|  |TAMS 0x00000000ff900000| PB 0x00000000ff900000| Untracked 
|2042|0x00000000ffa00000, 0x00000000ffb00000, 0x00000000ffb00000|100%| O|  |TAMS 0x00000000ffa00000| PB 0x00000000ffa00000| Untracked 
|2043|0x00000000ffb00000, 0x00000000ffc00000, 0x00000000ffc00000|100%| O|  |TAMS 0x00000000ffb00000| PB 0x00000000ffb00000| Untracked 
|2044|0x00000000ffc00000, 0x00000000ffd00000, 0x00000000ffd00000|100%| O|  |TAMS 0x00000000ffc00000| PB 0x00000000ffc00000| Untracked 
|2045|0x00000000ffd00000, 0x00000000ffe00000, 0x00000000ffe00000|100%| O|  |TAMS 0x00000000ffd00000| PB 0x00000000ffd00000| Untracked 
|2046|0x00000000ffe00000, 0x00000000fff00000, 0x00000000fff00000|100%| O|  |TAMS 0x00000000ffe00000| PB 0x00000000ffe00000| Untracked 
|2047|0x00000000fff00000, 0x0000000100000000, 0x0000000100000000|100%| O|  |TAMS 0x00000000fff00000| PB 0x00000000fff00000| Untracked 

Card table byte_map: [0x00000226f5b20000,0x00000226f5f20000] _byte_map_base: 0x00000226f5720000

Marking Bits: (CMBitMap*) 0x00000226e32f2070
 Bits: [0x00000226f5f20000, 0x00000226f7f20000)

Polling page: 0x00000226e2a10000

Metaspace:

Usage:
  Non-class:     63.54 MB used.
      Class:      9.94 MB used.
       Both:     73.48 MB used.

Virtual space:
  Non-class space:      128.00 MB reserved,      64.44 MB ( 50%) committed,  2 nodes.
      Class space:        1.00 GB reserved,      10.81 MB (  1%) committed,  1 nodes.
             Both:        1.12 GB reserved,      75.25 MB (  7%) committed. 

Chunk freelists:
   Non-Class:  15.52 MB
       Class:  5.13 MB
        Both:  20.64 MB

MaxMetaspaceSize: unlimited
CompressedClassSpaceSize: 1.00 GB
Initial GC threshold: 21.00 MB
Current GC threshold: 111.38 MB
CDS: off
 - commit_granule_bytes: 65536.
 - commit_granule_words: 8192.
 - virtual_space_node_default_size: 8388608.
 - enlarge_chunks_in_place: 1.
 - use_allocation_guard: 0.


Internal statistics:

num_allocs_failed_limit: 12.
num_arena_births: 3412.
num_arena_deaths: 0.
num_vsnodes_births: 3.
num_vsnodes_deaths: 0.
num_space_committed: 1204.
num_space_uncommitted: 0.
num_chunks_returned_to_freelist: 12.
num_chunks_taken_from_freelist: 6519.
num_chunk_merges: 12.
num_chunk_splits: 4246.
num_chunks_enlarged: 2666.
num_inconsistent_stats: 0.

CodeHeap 'non-profiled nmethods': size=120000Kb used=4442Kb max_used=4442Kb free=115558Kb
 bounds [0x00000226edec0000, 0x00000226ee320000, 0x00000226f53f0000]
CodeHeap 'profiled nmethods': size=120000Kb used=13913Kb max_used=13913Kb free=106086Kb
 bounds [0x00000226e63f0000, 0x00000226e7190000, 0x00000226ed920000]
CodeHeap 'non-nmethods': size=5760Kb used=2010Kb max_used=2068Kb free=3749Kb
 bounds [0x00000226ed920000, 0x00000226edb90000, 0x00000226edec0000]
 total_blobs=8306 nmethods=7528 adapters=681
 compilation: enabled
              stopped_count=0, restarted_count=0
 full_count=0

Compilation events (20 events):
Event: 17.955 Thread 0x00000226818ae950 8411       4       java.util.zip.ZipFile$ZipFileInflaterInputStream::<init> (14 bytes)
Event: 17.962 Thread 0x00000226fab5ed40 8412       3       java.lang.invoke.InvokerBytecodeGenerator::isStaticallyInvocableType (50 bytes)
Event: 17.962 Thread 0x00000226fab5ed40 nmethod 8412 0x00000226e7181510 code [0x00000226e71816e0, 0x00000226e71819e8]
Event: 17.964 Thread 0x00000226818ae950 nmethod 8411 0x00000226ee311a90 code [0x00000226ee311ca0, 0x00000226ee312570]
Event: 17.972 Thread 0x00000226818ae950 8413       4       org.objectweb.asm.Frame::getConcreteOutputType (111 bytes)
Event: 17.973 Thread 0x00000226818ae950 nmethod 8413 0x00000226ee312990 code [0x00000226ee312b20, 0x00000226ee312c98]
Event: 17.976 Thread 0x00000226fab5ed40 8414       1       java.util.Formatter$FixedString::index (3 bytes)
Event: 17.976 Thread 0x00000226fab5ed40 nmethod 8414 0x00000226ee312e10 code [0x00000226ee312fa0, 0x00000226ee313068]
Event: 17.976 Thread 0x00000226fab5ed40 8415       3       java.util.TreeMap::<init> (20 bytes)
Event: 17.976 Thread 0x00000226fab5ed40 nmethod 8415 0x00000226e7181b90 code [0x00000226e7181d40, 0x00000226e7181f48]
Event: 17.978 Thread 0x00000226fab5ed40 8416       3       org.gradle.model.internal.asm.MethodVisitorScope::_NEW (12 bytes)
Event: 17.979 Thread 0x00000226818ae950 8418       4       org.objectweb.asm.AnnotationWriter::putAnnotations (67 bytes)
Event: 17.979 Thread 0x00000226fab5ed40 nmethod 8416 0x00000226e7182010 code [0x00000226e71821e0, 0x00000226e7182508]
Event: 17.979 Thread 0x00000226fab5ed40 8417       3       org.objectweb.asm.SymbolTable::hash (12 bytes)
Event: 17.979 Thread 0x00000226fab5ed40 nmethod 8417 0x00000226e7182690 code [0x00000226e7182840, 0x00000226e7182978]
Event: 17.981 Thread 0x00000226818ae950 nmethod 8418 0x00000226ee313110 code [0x00000226ee3132e0, 0x00000226ee3134d0]
Event: 18.285 Thread 0x00000226fab5ed40 8419       3       sun.management.spi.PlatformMBeanProvider$PlatformComponent::getMBeans (87 bytes)
Event: 18.289 Thread 0x00000226fab5ed40 nmethod 8419 0x00000226e7182a90 code [0x00000226e7182e20, 0x00000226e7184410]
Event: 18.289 Thread 0x00000226fab5ed40 8420       3       java.lang.management.ManagementFactory$$Lambda/0x0000000100132d00::apply (12 bytes)
Event: 18.290 Thread 0x00000226fab5ed40 nmethod 8420 0x00000226e7184b10 code [0x00000226e7184ce0, 0x00000226e71850d0]

GC Heap History (20 events):
Event: 8.630 GC heap before
{Heap before GC invocations=10 (full 0):
 garbage-first heap   total 83968K, used 71185K [0x0000000080000000, 0x0000000100000000)
  region size 1024K, 48 young (49152K), 6 survivors (6144K)
 Metaspace       used 46694K, committed 48000K, reserved 1114112K
  class space    used 6237K, committed 6848K, reserved 1048576K
}
Event: 8.642 GC heap after
{Heap after GC invocations=11 (full 0):
 garbage-first heap   total 83968K, used 32216K [0x0000000080000000, 0x0000000100000000)
  region size 1024K, 6 young (6144K), 6 survivors (6144K)
 Metaspace       used 46694K, committed 48000K, reserved 1114112K
  class space    used 6237K, committed 6848K, reserved 1048576K
}
Event: 9.399 GC heap before
{Heap before GC invocations=11 (full 0):
 garbage-first heap   total 83968K, used 72152K [0x0000000080000000, 0x0000000100000000)
  region size 1024K, 45 young (46080K), 6 survivors (6144K)
 Metaspace       used 49474K, committed 50944K, reserved 1114112K
  class space    used 6687K, committed 7424K, reserved 1048576K
}
Event: 9.408 GC heap after
{Heap after GC invocations=12 (full 0):
 garbage-first heap   total 83968K, used 35118K [0x0000000080000000, 0x0000000100000000)
  region size 1024K, 6 young (6144K), 6 survivors (6144K)
 Metaspace       used 49474K, committed 50944K, reserved 1114112K
  class space    used 6687K, committed 7424K, reserved 1048576K
}
Event: 10.504 GC heap before
{Heap before GC invocations=12 (full 0):
 garbage-first heap   total 83968K, used 73006K [0x0000000080000000, 0x0000000100000000)
  region size 1024K, 42 young (43008K), 6 survivors (6144K)
 Metaspace       used 54936K, committed 56448K, reserved 1114112K
  class space    used 7394K, committed 8128K, reserved 1048576K
}
Event: 10.513 GC heap after
{Heap after GC invocations=13 (full 0):
 garbage-first heap   total 101376K, used 36502K [0x0000000080000000, 0x0000000100000000)
  region size 1024K, 4 young (4096K), 4 survivors (4096K)
 Metaspace       used 54936K, committed 56448K, reserved 1114112K
  class space    used 7394K, committed 8128K, reserved 1048576K
}
Event: 11.437 GC heap before
{Heap before GC invocations=13 (full 0):
 garbage-first heap   total 101376K, used 63126K [0x0000000080000000, 0x0000000100000000)
  region size 1024K, 32 young (32768K), 4 survivors (4096K)
 Metaspace       used 58928K, committed 60416K, reserved 1114112K
  class space    used 7960K, committed 8704K, reserved 1048576K
}
Event: 11.444 GC heap after
{Heap after GC invocations=14 (full 0):
 garbage-first heap   total 101376K, used 37612K [0x0000000080000000, 0x0000000100000000)
  region size 1024K, 5 young (5120K), 5 survivors (5120K)
 Metaspace       used 58928K, committed 60416K, reserved 1114112K
  class space    used 7960K, committed 8704K, reserved 1048576K
}
Event: 13.533 GC heap before
{Heap before GC invocations=15 (full 0):
 garbage-first heap   total 101376K, used 89836K [0x0000000080000000, 0x0000000100000000)
  region size 1024K, 56 young (57344K), 5 survivors (5120K)
 Metaspace       used 65153K, committed 66816K, reserved 1114112K
  class space    used 8918K, committed 9728K, reserved 1048576K
}
Event: 13.544 GC heap after
{Heap after GC invocations=16 (full 0):
 garbage-first heap   total 101376K, used 42020K [0x0000000080000000, 0x0000000100000000)
  region size 1024K, 7 young (7168K), 7 survivors (7168K)
 Metaspace       used 65153K, committed 66816K, reserved 1114112K
  class space    used 8918K, committed 9728K, reserved 1048576K
}
Event: 14.337 GC heap before
{Heap before GC invocations=16 (full 0):
 garbage-first heap   total 101376K, used 86052K [0x0000000080000000, 0x0000000100000000)
  region size 1024K, 51 young (52224K), 7 survivors (7168K)
 Metaspace       used 66277K, committed 67968K, reserved 1114112K
  class space    used 9054K, committed 9920K, reserved 1048576K
}
Event: 14.350 GC heap after
{Heap after GC invocations=17 (full 0):
 garbage-first heap   total 101376K, used 45148K [0x0000000080000000, 0x0000000100000000)
  region size 1024K, 5 young (5120K), 5 survivors (5120K)
 Metaspace       used 66277K, committed 67968K, reserved 1114112K
  class space    used 9054K, committed 9920K, reserved 1048576K
}
Event: 14.763 GC heap before
{Heap before GC invocations=17 (full 0):
 garbage-first heap   total 101376K, used 88156K [0x0000000080000000, 0x0000000100000000)
  region size 1024K, 48 young (49152K), 5 survivors (5120K)
 Metaspace       used 66559K, committed 68224K, reserved 1114112K
  class space    used 9054K, committed 9920K, reserved 1048576K
}
Event: 14.770 GC heap after
{Heap after GC invocations=18 (full 0):
 garbage-first heap   total 101376K, used 46325K [0x0000000080000000, 0x0000000100000000)
  region size 1024K, 4 young (4096K), 4 survivors (4096K)
 Metaspace       used 66559K, committed 68224K, reserved 1114112K
  class space    used 9054K, committed 9920K, reserved 1048576K
}
Event: 15.205 GC heap before
{Heap before GC invocations=18 (full 0):
 garbage-first heap   total 101376K, used 88309K [0x0000000080000000, 0x0000000100000000)
  region size 1024K, 46 young (47104K), 4 survivors (4096K)
 Metaspace       used 66654K, committed 68352K, reserved 1114112K
  class space    used 9054K, committed 9920K, reserved 1048576K
}
Event: 15.211 GC heap after
{Heap after GC invocations=19 (full 0):
 garbage-first heap   total 101376K, used 47212K [0x0000000080000000, 0x0000000100000000)
  region size 1024K, 4 young (4096K), 4 survivors (4096K)
 Metaspace       used 66654K, committed 68352K, reserved 1114112K
  class space    used 9054K, committed 9920K, reserved 1048576K
}
Event: 16.397 GC heap before
{Heap before GC invocations=20 (full 0):
 garbage-first heap   total 101376K, used 96364K [0x0000000080000000, 0x0000000100000000)
  region size 1024K, 46 young (47104K), 4 survivors (4096K)
 Metaspace       used 69012K, committed 70784K, reserved 1114112K
  class space    used 9371K, committed 10240K, reserved 1048576K
}
Event: 16.407 GC heap after
{Heap after GC invocations=21 (full 0):
 garbage-first heap   total 108544K, used 60166K [0x0000000080000000, 0x0000000100000000)
  region size 1024K, 6 young (6144K), 6 survivors (6144K)
 Metaspace       used 69012K, committed 70784K, reserved 1114112K
  class space    used 9371K, committed 10240K, reserved 1048576K
}
Event: 17.288 GC heap before
{Heap before GC invocations=21 (full 0):
 garbage-first heap   total 108544K, used 93958K [0x0000000080000000, 0x0000000100000000)
  region size 1024K, 40 young (40960K), 6 survivors (6144K)
 Metaspace       used 72416K, committed 74176K, reserved 1114112K
  class space    used 9753K, committed 10624K, reserved 1048576K
}
Event: 17.295 GC heap after
{Heap after GC invocations=22 (full 0):
 garbage-first heap   total 108544K, used 60734K [0x0000000080000000, 0x0000000100000000)
  region size 1024K, 2 young (2048K), 2 survivors (2048K)
 Metaspace       used 72416K, committed 74176K, reserved 1114112K
  class space    used 9753K, committed 10624K, reserved 1048576K
}

Dll operation events (3 events):
Event: 0.016 Loaded shared library C:\Program Files\Android\Android Studio\jbr\bin\java.dll
Event: 0.025 Loaded shared library C:\Program Files\Android\Android Studio\jbr\bin\zip.dll
Event: 1.053 Loaded shared library C:\Program Files\Android\Android Studio\jbr\bin\verify.dll

Deoptimization events (20 events):
Event: 17.781 Thread 0x0000022681385320 DEOPT PACKING pc=0x00000226ee0f51f0 sp=0x00000056434f7960
Event: 17.781 Thread 0x0000022681385320 DEOPT UNPACKING pc=0x00000226ed9746a2 sp=0x00000056434f78f0 mode 2
Event: 17.781 Thread 0x0000022681385320 Uncommon trap: trap_request=0xffffffde fr.pc=0x00000226ee0f51f0 relative=0x0000000000000050
Event: 17.781 Thread 0x0000022681385320 Uncommon trap: reason=class_check action=maybe_recompile pc=0x00000226ee0f51f0 method=java.lang.StringConcatHelper.stringOf(Ljava/lang/Object;)Ljava/lang/String; @ 5 c2
Event: 17.781 Thread 0x0000022681385320 DEOPT PACKING pc=0x00000226ee0f51f0 sp=0x00000056434f7960
Event: 17.781 Thread 0x0000022681385320 DEOPT UNPACKING pc=0x00000226ed9746a2 sp=0x00000056434f78f0 mode 2
Event: 17.781 Thread 0x0000022681385320 Uncommon trap: trap_request=0xffffffde fr.pc=0x00000226ee0f51f0 relative=0x0000000000000050
Event: 17.781 Thread 0x0000022681385320 Uncommon trap: reason=class_check action=maybe_recompile pc=0x00000226ee0f51f0 method=java.lang.StringConcatHelper.stringOf(Ljava/lang/Object;)Ljava/lang/String; @ 5 c2
Event: 17.781 Thread 0x0000022681385320 DEOPT PACKING pc=0x00000226ee0f51f0 sp=0x00000056434f7960
Event: 17.781 Thread 0x0000022681385320 DEOPT UNPACKING pc=0x00000226ed9746a2 sp=0x00000056434f78f0 mode 2
Event: 17.921 Thread 0x0000022681385320 DEOPT PACKING pc=0x00000226e6a65c31 sp=0x00000056434f4e40
Event: 17.921 Thread 0x0000022681385320 DEOPT UNPACKING pc=0x00000226ed974e42 sp=0x00000056434f4320 mode 0
Event: 17.929 Thread 0x0000022681385320 Uncommon trap: trap_request=0xffffff45 fr.pc=0x00000226ee05d560 relative=0x00000000000006a0
Event: 17.929 Thread 0x0000022681385320 Uncommon trap: reason=unstable_if action=reinterpret pc=0x00000226ee05d560 method=java.io.WinNTFileSystem.prefixLength(Ljava/lang/String;)I @ 42 c2
Event: 17.929 Thread 0x0000022681385320 DEOPT PACKING pc=0x00000226ee05d560 sp=0x00000056434f5470
Event: 17.929 Thread 0x0000022681385320 DEOPT UNPACKING pc=0x00000226ed9746a2 sp=0x00000056434f53c8 mode 2
Event: 17.929 Thread 0x0000022681385320 Uncommon trap: trap_request=0xffffff45 fr.pc=0x00000226ee1a78c0 relative=0x00000000000002e0
Event: 17.929 Thread 0x0000022681385320 Uncommon trap: reason=unstable_if action=reinterpret pc=0x00000226ee1a78c0 method=java.io.WinNTFileSystem.prefixLength(Ljava/lang/String;)I @ 42 c2
Event: 17.929 Thread 0x0000022681385320 DEOPT PACKING pc=0x00000226ee1a78c0 sp=0x00000056434f5430
Event: 17.929 Thread 0x0000022681385320 DEOPT UNPACKING pc=0x00000226ed9746a2 sp=0x00000056434f53c8 mode 2

Classes loaded (20 events):
Event: 17.926 Loading class javax/xml/parsers/DocumentBuilderFactory
Event: 17.926 Loading class javax/xml/parsers/DocumentBuilderFactory done
Event: 17.926 Loading class javax/xml/parsers/FactoryFinder
Event: 17.926 Loading class javax/xml/parsers/FactoryFinder done
Event: 17.927 Loading class javax/xml/parsers/FactoryFinder$1
Event: 17.927 Loading class javax/xml/parsers/FactoryFinder$1 done
Event: 17.927 Loading class com/sun/org/apache/xerces/internal/jaxp/DocumentBuilderFactoryImpl
Event: 17.928 Loading class com/sun/org/apache/xerces/internal/jaxp/DocumentBuilderFactoryImpl done
Event: 17.928 Loading class com/sun/org/apache/xerces/internal/utils/XMLSecurityManager
Event: 17.928 Loading class com/sun/org/apache/xerces/internal/utils/XMLSecurityManager done
Event: 17.928 Loading class com/sun/org/apache/xerces/internal/utils/XMLSecurityManager$Limit
Event: 17.928 Loading class com/sun/org/apache/xerces/internal/utils/XMLSecurityManager$Limit done
Event: 17.928 Loading class com/sun/org/apache/xerces/internal/utils/XMLSecurityManager$NameMap
Event: 17.928 Loading class com/sun/org/apache/xerces/internal/utils/XMLSecurityManager$NameMap done
Event: 17.929 Loading class com/sun/org/apache/xerces/internal/utils/XMLSecurityPropertyManager
Event: 17.929 Loading class com/sun/org/apache/xerces/internal/utils/XMLSecurityPropertyManager done
Event: 17.929 Loading class com/sun/org/apache/xerces/internal/utils/XMLSecurityPropertyManager$State
Event: 17.929 Loading class com/sun/org/apache/xerces/internal/utils/XMLSecurityPropertyManager$State done
Event: 17.929 Loading class com/sun/org/apache/xerces/internal/utils/XMLSecurityPropertyManager$Property
Event: 17.929 Loading class com/sun/org/apache/xerces/internal/utils/XMLSecurityPropertyManager$Property done

Classes unloaded (0 events):
No events

Classes redefined (0 events):
No events

Internal exceptions (20 events):
Event: 15.329 Thread 0x0000022681251c90 Exception <a 'java/lang/NoSuchMethodError'{0x0000000085f7e6e0}: static Lorg/gradle/internal/build/event/types/DefaultProjectConfigurationSuccessResult;.<clinit>()V> (0x0000000085f7e6e0) 
thrown [s\src\hotspot\share\prims\jni.cpp, line 1135]
Event: 15.329 Thread 0x0000022681251c90 Exception <a 'java/lang/NoSuchMethodError'{0x0000000085f7fcf8}: static Lorg/gradle/internal/build/event/types/AbstractProjectConfigurationResult;.<clinit>()V> (0x0000000085f7fcf8) 
thrown [s\src\hotspot\share\prims\jni.cpp, line 1135]
Event: 15.329 Thread 0x0000022681251c90 Exception <a 'java/lang/NoSuchMethodError'{0x0000000085f815c0}: static Lorg/gradle/internal/build/event/types/AbstractOperationResult;.<clinit>()V> (0x0000000085f815c0) 
thrown [s\src\hotspot\share\prims\jni.cpp, line 1135]
Event: 15.329 Thread 0x0000022681251c90 Exception <a 'java/lang/NoSuchMethodError'{0x0000000085f82a78}: static Lorg/gradle/internal/build/event/types/AbstractResult;.<clinit>()V> (0x0000000085f82a78) 
thrown [s\src\hotspot\share\prims\jni.cpp, line 1135]
Event: 15.340 Thread 0x0000022681251c90 Exception <a 'java/lang/NoSuchMethodError'{0x0000000085fe1aa0}: static Lorg/gradle/internal/build/event/types/DefaultPluginApplicationResult;.<clinit>()V> (0x0000000085fe1aa0) 
thrown [s\src\hotspot\share\prims\jni.cpp, line 1135]
Event: 15.345 Thread 0x0000022681251c90 Exception <a 'java/lang/NoSuchMethodError'{0x0000000085e53c58}: static Lorg/gradle/internal/build/event/types/DefaultBinaryPluginIdentifier;.<clinit>()V> (0x0000000085e53c58) 
thrown [s\src\hotspot\share\prims\jni.cpp, line 1135]
Event: 15.351 Thread 0x0000022681251c90 Exception <a 'java/lang/NoSuchMethodError'{0x0000000085eb5cf0}: static Lorg/gradle/internal/build/event/types/DefaultScriptPluginIdentifier;.<clinit>()V> (0x0000000085eb5cf0) 
thrown [s\src\hotspot\share\prims\jni.cpp, line 1135]
Event: 15.445 Thread 0x0000022681385320 Implicit null exception at 0x00000226ee2208e0 to 0x00000226ee220e20
Event: 15.543 Thread 0x0000022681385320 Exception <a 'java/lang/NoSuchMethodError'{0x0000000085229348}: 'void java.lang.invoke.Invokers$Holder.invoke_MT(java.lang.Object, java.lang.Object, java.lang.Object, java.lang.Object)'> (0x0000000085229348) 
thrown [s\src\hotspot\share\interpreter\linkResolver.cpp, line 784]
Event: 15.559 Thread 0x0000022681385320 Exception <a 'java/lang/NoSuchMethodError'{0x0000000085295ea8}: 'java.lang.Object java.lang.invoke.DirectMethodHandle$Holder.invokeStaticInit(java.lang.Object, java.lang.Object, java.lang.Object, java.lang.Object, java.lang.Object, java.lang.Object, java.lang.Object)'> (0x0000000085295ea8) 
thrown [s\src\hotspot\share\interpreter\linkResolver.cpp, line 784]
Event: 15.566 Thread 0x0000022681385320 Exception <a 'java/lang/NoSuchMethodError'{0x00000000852bb478}: 'java.lang.Object java.lang.invoke.DirectMethodHandle$Holder.invokeSpecial(java.lang.Object, java.lang.Object, java.lang.Object, int, java.lang.Object, java.lang.Object)'> (0x00000000852bb478) 
thrown [s\src\hotspot\share\interpreter\linkResolver.cpp, line 784]
Event: 15.863 Thread 0x0000022681385320 Exception <a 'java/lang/ClassNotFoundException'{0x0000000084907828}: sun/misc/SharedSecrets> (0x0000000084907828) 
thrown [s\src\hotspot\share\classfile\systemDictionary.cpp, line 312]
Event: 15.863 Thread 0x0000022681385320 Exception <a 'java/lang/ClassNotFoundException'{0x0000000084908e40}: org/gradle/api/internal/plugins/DefaultObjectConfigurationActionBeanInfo> (0x0000000084908e40) 
thrown [s\src\hotspot\share\classfile\systemDictionary.cpp, line 312]
Event: 15.865 Thread 0x0000022681385320 Exception <a 'java/lang/ClassNotFoundException'{0x000000008491cc58}: org/gradle/api/internal/plugins/DefaultObjectConfigurationActionCustomizer> (0x000000008491cc58) 
thrown [s\src\hotspot\share\classfile\systemDictionary.cpp, line 312]
Event: 15.868 Thread 0x0000022681385320 Implicit null exception at 0x00000226ee02ea84 to 0x00000226ee02ed30
Event: 15.868 Thread 0x0000022681385320 Exception <a 'java/lang/NoSuchMethodError'{0x000000008492a1b0}: 'int java.lang.invoke.DirectMethodHandle$Holder.invokeSpecial(java.lang.Object, java.lang.Object, java.lang.Object, int)'> (0x000000008492a1b0) 
thrown [s\src\hotspot\share\interpreter\linkResolver.cpp, line 784]
Event: 15.870 Thread 0x0000022681385320 Exception <a 'java/lang/NoSuchMethodError'{0x000000008493b110}: 'java.lang.Object java.lang.invoke.DirectMethodHandle$Holder.invokeStatic(java.lang.Object, java.lang.Object, java.lang.Object, java.lang.Object, int)'> (0x000000008493b110) 
thrown [s\src\hotspot\share\interpreter\linkResolver.cpp, line 784]
Event: 17.932 Thread 0x0000022681385320 Exception <a 'java/lang/NoSuchMethodError'{0x0000000084de5960}: 'java.lang.Object java.lang.invoke.DirectMethodHandle$Holder.newInvokeSpecial(java.lang.Object, java.lang.Object, java.lang.Object, java.lang.Object, java.lang.Object, java.lang.Object, java.lang.Object, java.lang.Object, java.lang.Object, java.lang.Object, java.lang.Object, java.lang.Object, java.lang.Object, java.lang.Object, java.lang.Object, java.lang.Object)'> (0x0000000084de5960) 
thrown [s\src\hotspot\share\interpreter\linkResolver.cpp,
Event: 17.933 Thread 0x0000022681385320 Exception <a 'java/lang/NoSuchMethodError'{0x0000000084dec5d8}: 'java.lang.Object java.lang.invoke.DirectMethodHandle$Holder.invokeSpecial(java.lang.Object, java.lang.Object, java.lang.Object, java.lang.Object, java.lang.Object, java.lang.Object, java.lang.Object, java.lang.Object, java.lang.Object, java.lang.Object, java.lang.Object, java.lang.Object, java.lang.Object, java.lang.Object, java.lang.Object, java.lang.Object, java.lang.Object)'> (0x0000000084dec5d8) 
thrown [s\src\hotspot\share\interpreter\li
Event: 17.933 Thread 0x0000022681385320 Exception <a 'java/lang/NoSuchMethodError'{0x0000000084df21b8}: 'java.lang.Object java.lang.invoke.DelegatingMethodHandle$Holder.reinvoke_L(java.lang.Object, java.lang.Object, java.lang.Object, java.lang.Object, java.lang.Object, java.lang.Object, java.lang.Object, java.lang.Object, java.lang.Object, java.lang.Object, java.lang.Object, java.lang.Object, java.lang.Object, java.lang.Object, java.lang.Object, java.lang.Object)'> (0x0000000084df21b8) 
thrown [s\src\hotspot\share\interpreter\linkResolver.cpp, l

ZGC Phase Switch (0 events):
No events

VM Operations (20 events):
Event: 14.350 Executing VM operation: G1CollectForAllocation (G1 Evacuation Pause) done
Event: 14.710 Executing VM operation: ICBufferFull
Event: 14.711 Executing VM operation: ICBufferFull done
Event: 14.763 Executing VM operation: G1CollectForAllocation (G1 Evacuation Pause)
Event: 14.770 Executing VM operation: G1CollectForAllocation (G1 Evacuation Pause) done
Event: 15.205 Executing VM operation: G1CollectForAllocation (G1 Evacuation Pause)
Event: 15.212 Executing VM operation: G1CollectForAllocation (G1 Evacuation Pause) done
Event: 15.298 Executing VM operation: G1PauseRemark
Event: 15.305 Executing VM operation: G1PauseRemark done
Event: 15.344 Executing VM operation: G1PauseCleanup
Event: 15.345 Executing VM operation: G1PauseCleanup done
Event: 15.669 Executing VM operation: HandshakeAllThreads (Deoptimize)
Event: 15.670 Executing VM operation: HandshakeAllThreads (Deoptimize) done
Event: 16.397 Executing VM operation: G1CollectForAllocation (G1 Evacuation Pause)
Event: 16.407 Executing VM operation: G1CollectForAllocation (G1 Evacuation Pause) done
Event: 17.288 Executing VM operation: G1CollectForAllocation (G1 Evacuation Pause)
Event: 17.295 Executing VM operation: G1CollectForAllocation (G1 Evacuation Pause) done
Event: 17.944 Executing VM operation: HandshakeAllThreads (Deoptimize)
Event: 17.945 Executing VM operation: HandshakeAllThreads (Deoptimize) done
Event: 18.955 Executing VM operation: Cleanup

Memory protections (0 events):
No events

Nmethod flushes (20 events):
Event: 15.303 Thread 0x00000226fa982370 flushing  nmethod 0x00000226e69a2e90
Event: 15.303 Thread 0x00000226fa982370 flushing  nmethod 0x00000226e69a5e90
Event: 15.303 Thread 0x00000226fa982370 flushing  nmethod 0x00000226e69a6a90
Event: 15.303 Thread 0x00000226fa982370 flushing  nmethod 0x00000226e69aa310
Event: 15.303 Thread 0x00000226fa982370 flushing  nmethod 0x00000226e69aae90
Event: 15.303 Thread 0x00000226fa982370 flushing  nmethod 0x00000226e69ad210
Event: 15.303 Thread 0x00000226fa982370 flushing  nmethod 0x00000226e69ea790
Event: 15.303 Thread 0x00000226fa982370 flushing  nmethod 0x00000226e69ec510
Event: 15.303 Thread 0x00000226fa982370 flushing  nmethod 0x00000226e6a23290
Event: 15.303 Thread 0x00000226fa982370 flushing  nmethod 0x00000226e6ad3510
Event: 15.303 Thread 0x00000226fa982370 flushing  nmethod 0x00000226e6ad4010
Event: 15.303 Thread 0x00000226fa982370 flushing  nmethod 0x00000226e6ad4a10
Event: 15.303 Thread 0x00000226fa982370 flushing  nmethod 0x00000226e6ad4f90
Event: 15.303 Thread 0x00000226fa982370 flushing  nmethod 0x00000226e6ad5790
Event: 15.303 Thread 0x00000226fa982370 flushing  nmethod 0x00000226e6ad7c90
Event: 15.303 Thread 0x00000226fa982370 flushing  nmethod 0x00000226e6b5bd10
Event: 15.303 Thread 0x00000226fa982370 flushing  nmethod 0x00000226e6b5c190
Event: 15.303 Thread 0x00000226fa982370 flushing  nmethod 0x00000226e6b5d910
Event: 15.303 Thread 0x00000226fa982370 flushing  nmethod 0x00000226e6b9f490
Event: 15.303 Thread 0x00000226fa982370 flushing  nmethod 0x00000226e6ba0010

Events (20 events):
Event: 13.634 Thread 0x0000022681385320 Thread added: 0x000002268491dfb0
Event: 13.820 Thread 0x0000022681385320 Thread added: 0x000002268491f360
Event: 13.823 Thread 0x0000022681385320 Thread added: 0x000002268491f9f0
Event: 13.825 Thread 0x0000022681385320 Thread added: 0x000002268491e640
Event: 13.829 Thread 0x0000022681385320 Thread added: 0x000002268491d290
Event: 13.832 Thread 0x0000022681385320 Thread added: 0x000002268491ecd0
Event: 13.835 Thread 0x0000022681385320 Thread added: 0x000002268491c570
Event: 13.839 Thread 0x0000022681385320 Thread added: 0x000002268491cc00
Event: 14.289 Thread 0x0000022681385320 Thread added: 0x0000022684920da0
Event: 14.290 Thread 0x0000022681385320 Thread added: 0x0000022684920080
Event: 14.291 Thread 0x0000022681385320 Thread added: 0x0000022684920710
Event: 14.292 Thread 0x0000022681385320 Thread added: 0x000002268491d920
Event: 14.293 Thread 0x0000022681385320 Thread added: 0x0000022684922150
Event: 14.294 Thread 0x0000022681385320 Thread added: 0x0000022684921430
Event: 14.295 Thread 0x0000022681385320 Thread added: 0x0000022684921ac0
Event: 14.597 Thread 0x00000226fab5ed40 Thread added: 0x00000226849ea910
Event: 15.622 Thread 0x00000226849ea910 Thread exited: 0x00000226849ea910
Event: 16.422 Thread 0x00000226ff3ca6c0 Thread exited: 0x00000226ff3ca6c0
Event: 17.079 Thread 0x0000022681385320 Thread added: 0x00000226856e29a0
Event: 17.625 Thread 0x00000226fab5ed40 Thread added: 0x00000226818ae950


Dynamic libraries:
0x00007ff6fdec0000 - 0x00007ff6fdeca000 	C:\Program Files\Android\Android Studio\jbr\bin\java.exe
0x00007ff9bcae0000 - 0x00007ff9bcd46000 	C:\WINDOWS\SYSTEM32\ntdll.dll
0x00007ff9bb4f0000 - 0x00007ff9bb5b9000 	C:\WINDOWS\System32\KERNEL32.DLL
0x00007ff9ba1d0000 - 0x00007ff9ba59c000 	C:\WINDOWS\System32\KERNELBASE.dll
0x00007ff9ba080000 - 0x00007ff9ba1cb000 	C:\WINDOWS\System32\ucrtbase.dll
0x00007ff9b3dc0000 - 0x00007ff9b3ddb000 	C:\Program Files\Android\Android Studio\jbr\bin\VCRUNTIME140.dll
0x00007ff994100000 - 0x00007ff994118000 	C:\Program Files\Android\Android Studio\jbr\bin\jli.dll
0x00007ff9bb1e0000 - 0x00007ff9bb3aa000 	C:\WINDOWS\System32\USER32.dll
0x00007ff99af70000 - 0x00007ff99b20a000 	C:\WINDOWS\WinSxS\amd64_microsoft.windows.common-controls_6595b64144ccf1df_6.0.26100.3912_none_3e07963ce335137e\COMCTL32.dll
0x00007ff9ba5a0000 - 0x00007ff9ba5c7000 	C:\WINDOWS\System32\win32u.dll
0x00007ff9bb3b0000 - 0x00007ff9bb459000 	C:\WINDOWS\System32\msvcrt.dll
0x00007ff9bb9b0000 - 0x00007ff9bb9db000 	C:\WINDOWS\System32\GDI32.dll
0x00007ff9b9d00000 - 0x00007ff9b9e32000 	C:\WINDOWS\System32\gdi32full.dll
0x00007ff9ba7f0000 - 0x00007ff9ba893000 	C:\WINDOWS\System32\msvcp_win.dll
0x00007ff9bc880000 - 0x00007ff9bc8b0000 	C:\WINDOWS\System32\IMM32.DLL
0x00007ff9b0330000 - 0x00007ff9b033c000 	C:\Program Files\Android\Android Studio\jbr\bin\vcruntime140_1.dll
0x00007ff9156c0000 - 0x00007ff91574d000 	C:\Program Files\Android\Android Studio\jbr\bin\msvcp140.dll
0x00007ff92a4c0000 - 0x00007ff92b14b000 	C:\Program Files\Android\Android Studio\jbr\bin\server\jvm.dll
0x00007ff9ba8a0000 - 0x00007ff9ba952000 	C:\WINDOWS\System32\ADVAPI32.dll
0x00007ff9bb6c0000 - 0x00007ff9bb766000 	C:\WINDOWS\System32\sechost.dll
0x00007ff9bae00000 - 0x00007ff9baf16000 	C:\WINDOWS\System32\RPCRT4.dll
0x00007ff9bc800000 - 0x00007ff9bc874000 	C:\WINDOWS\System32\WS2_32.dll
0x00007ff9b9320000 - 0x00007ff9b937e000 	C:\WINDOWS\SYSTEM32\POWRPROF.dll
0x00007ff9a5310000 - 0x00007ff9a5346000 	C:\WINDOWS\SYSTEM32\WINMM.dll
0x00007ff9afde0000 - 0x00007ff9afdeb000 	C:\WINDOWS\SYSTEM32\VERSION.dll
0x00007ff9b92a0000 - 0x00007ff9b92b4000 	C:\WINDOWS\SYSTEM32\UMPDC.dll
0x00007ff9b89f0000 - 0x00007ff9b8a0a000 	C:\WINDOWS\SYSTEM32\kernel.appcore.dll
0x00007ff9ae890000 - 0x00007ff9ae89a000 	C:\Program Files\Android\Android Studio\jbr\bin\jimage.dll
0x00007ff9b73b0000 - 0x00007ff9b75f1000 	C:\WINDOWS\SYSTEM32\DBGHELP.DLL
0x00007ff9ba960000 - 0x00007ff9bace4000 	C:\WINDOWS\System32\combase.dll
0x00007ff9bbf70000 - 0x00007ff9bc050000 	C:\WINDOWS\System32\OLEAUT32.dll
0x00007ff9ae330000 - 0x00007ff9ae369000 	C:\WINDOWS\SYSTEM32\dbgcore.DLL
0x00007ff9ba750000 - 0x00007ff9ba7e9000 	C:\WINDOWS\System32\bcryptPrimitives.dll
0x00007ff995b60000 - 0x00007ff995b6e000 	C:\Program Files\Android\Android Studio\jbr\bin\instrument.dll
0x00007ff9ae2f0000 - 0x00007ff9ae310000 	C:\Program Files\Android\Android Studio\jbr\bin\java.dll
0x00007ff9ac470000 - 0x00007ff9ac488000 	C:\Program Files\Android\Android Studio\jbr\bin\zip.dll
0x00007ff9bc0d0000 - 0x00007ff9bc7fd000 	C:\WINDOWS\System32\SHELL32.dll
0x00007ff9ba5d0000 - 0x00007ff9ba744000 	C:\WINDOWS\System32\wintypes.dll
0x00007ff9b78c0000 - 0x00007ff9b8116000 	C:\WINDOWS\SYSTEM32\windows.storage.dll
0x00007ff9bad00000 - 0x00007ff9badef000 	C:\WINDOWS\System32\SHCORE.dll
0x00007ff9bc060000 - 0x00007ff9bc0c9000 	C:\WINDOWS\System32\shlwapi.dll
0x00007ff9b9b80000 - 0x00007ff9b9baf000 	C:\WINDOWS\SYSTEM32\profapi.dll
0x00007ff9ae840000 - 0x00007ff9ae850000 	C:\Program Files\Android\Android Studio\jbr\bin\net.dll
0x00007ff9ac7b0000 - 0x00007ff9ac8ce000 	C:\WINDOWS\SYSTEM32\WINHTTP.dll
0x00007ff9b8f40000 - 0x00007ff9b8faa000 	C:\WINDOWS\system32\mswsock.dll
0x00007ff9ac450000 - 0x00007ff9ac466000 	C:\Program Files\Android\Android Studio\jbr\bin\nio.dll
0x00007ff9ac410000 - 0x00007ff9ac420000 	C:\Program Files\Android\Android Studio\jbr\bin\verify.dll
0x00007ff99c570000 - 0x00007ff99c597000 	C:\Users\chaim\.gradle\native\c067742578af261105cb4f569cf0c3c89f3d7b1fecec35dd04571415982c5e48\windows-amd64\native-platform.dll
0x00007ff915570000 - 0x00007ff9156b4000 	C:\Users\chaim\.gradle\native\100fb08df4bc3b14c8652ba06237920a3bd2aa13389f12d3474272988ae205f9\windows-amd64\native-platform-file-events.dll
0x00007ff9ac440000 - 0x00007ff9ac449000 	C:\Program Files\Android\Android Studio\jbr\bin\management.dll
0x00007ff9ac430000 - 0x00007ff9ac43b000 	C:\Program Files\Android\Android Studio\jbr\bin\management_ext.dll
0x00007ff9bb9a0000 - 0x00007ff9bb9a8000 	C:\WINDOWS\System32\PSAPI.DLL
0x00007ff9b9420000 - 0x00007ff9b943c000 	C:\WINDOWS\SYSTEM32\CRYPTSP.dll
0x00007ff9b8950000 - 0x00007ff9b898a000 	C:\WINDOWS\system32\rsaenh.dll
0x00007ff9b8fe0000 - 0x00007ff9b900b000 	C:\WINDOWS\SYSTEM32\USERENV.dll
0x00007ff9b9b50000 - 0x00007ff9b9b76000 	C:\WINDOWS\SYSTEM32\bcrypt.dll
0x00007ff9b91e0000 - 0x00007ff9b91ec000 	C:\WINDOWS\SYSTEM32\CRYPTBASE.dll
0x00007ff9b8410000 - 0x00007ff9b8443000 	C:\WINDOWS\SYSTEM32\IPHLPAPI.DLL
0x00007ff9bacf0000 - 0x00007ff9bacfa000 	C:\WINDOWS\System32\NSI.dll
0x00007ff9ae2e0000 - 0x00007ff9ae2e9000 	C:\Program Files\Android\Android Studio\jbr\bin\extnet.dll
0x00007ff9ae200000 - 0x00007ff9ae208000 	C:\WINDOWS\system32\wshunix.dll

dbghelp: loaded successfully - version: 4.0.5 - missing functions: none
symbol engine: initialized successfully - sym options: 0x614 - pdb path: .;C:\Program Files\Android\Android Studio\jbr\bin;C:\WINDOWS\SYSTEM32;C:\WINDOWS\WinSxS\amd64_microsoft.windows.common-controls_6595b64144ccf1df_6.0.26100.3912_none_3e07963ce335137e;C:\Program Files\Android\Android Studio\jbr\bin\server;C:\Users\chaim\.gradle\native\c067742578af261105cb4f569cf0c3c89f3d7b1fecec35dd04571415982c5e48\windows-amd64;C:\Users\chaim\.gradle\native\100fb08df4bc3b14c8652ba06237920a3bd2aa13389f12d3474272988ae205f9\windows-amd64

VM Arguments:
jvm_args: --add-opens=java.base/java.lang=ALL-UNNAMED --add-opens=java.base/java.lang.invoke=ALL-UNNAMED --add-opens=java.base/java.util=ALL-UNNAMED --add-opens=java.prefs/java.util.prefs=ALL-UNNAMED --add-exports=jdk.compiler/com.sun.tools.javac.api=ALL-UNNAMED --add-exports=jdk.compiler/com.sun.tools.javac.util=ALL-UNNAMED --add-opens=java.base/java.util=ALL-UNNAMED --add-opens=java.prefs/java.util.prefs=ALL-UNNAMED --add-opens=java.base/java.nio.charset=ALL-UNNAMED --add-opens=java.base/java.net=ALL-UNNAMED --add-opens=java.base/java.util.concurrent.atomic=ALL-UNNAMED --add-opens=java.xml/javax.xml.namespace=ALL-UNNAMED -Xmx2048m -Dfile.encoding=UTF-8 -Duser.country=US -Duser.language=en -Duser.variant -javaagent:C:\Users\chaim\.gradle\wrapper\dists\gradle-8.11.1-bin\bpt9gzteqjrbo1mjrsomdt32c\gradle-8.11.1\lib\agents\gradle-instrumentation-agent-8.11.1.jar 
java_command: org.gradle.launcher.daemon.bootstrap.GradleDaemon 8.11.1
java_class_path (initial): C:\Users\chaim\.gradle\wrapper\dists\gradle-8.11.1-bin\bpt9gzteqjrbo1mjrsomdt32c\gradle-8.11.1\lib\gradle-daemon-main-8.11.1.jar
Launcher Type: SUN_STANDARD

[Global flags]
     intx CICompilerCount                          = 4                                         {product} {ergonomic}
     uint ConcGCThreads                            = 2                                         {product} {ergonomic}
     uint G1ConcRefinementThreads                  = 8                                         {product} {ergonomic}
   size_t G1HeapRegionSize                         = 1048576                                   {product} {ergonomic}
    uintx GCDrainStackTargetSize                   = 64                                        {product} {ergonomic}
   size_t InitialHeapSize                          = 132120576                                 {product} {ergonomic}
   size_t MarkStackSize                            = 4194304                                   {product} {ergonomic}
   size_t MaxHeapSize                              = 2147483648                                {product} {command line}
   size_t MaxNewSize                               = 1287651328                                {product} {ergonomic}
   size_t MinHeapDeltaBytes                        = 1048576                                   {product} {ergonomic}
   size_t MinHeapSize                              = 8388608                                   {product} {ergonomic}
    uintx NonNMethodCodeHeapSize                   = 5839372                                {pd product} {ergonomic}
    uintx NonProfiledCodeHeapSize                  = 122909434                              {pd product} {ergonomic}
    uintx ProfiledCodeHeapSize                     = 122909434                              {pd product} {ergonomic}
    uintx ReservedCodeCacheSize                    = 251658240                              {pd product} {ergonomic}
     bool SegmentedCodeCache                       = true                                      {product} {ergonomic}
   size_t SoftMaxHeapSize                          = 2147483648                             {manageable} {ergonomic}
     bool UseCompressedOops                        = true                           {product lp64_product} {ergonomic}
     bool UseG1GC                                  = true                                      {product} {ergonomic}
     bool UseLargePagesIndividualAllocation        = false                                  {pd product} {ergonomic}

Logging:
Log output configuration:
 #0: stdout all=warning uptime,level,tags foldmultilines=false
 #1: stderr all=off uptime,level,tags foldmultilines=false

Environment Variables:
PATH=C:\Program Files\OpenSSL-Win64\bin;C:\WINDOWS\system32;C:\WINDOWS;C:\WINDOWS\System32\Wbem;C:\WINDOWS\System32\WindowsPowerShell\v1.0\;C:\WINDOWS\System32\OpenSSH\;C:\Program Files\Git\cmd;C:\Users\chaim\AppData\Local\Microsoft\WindowsApps
USERNAME=chaim
OS=Windows_NT
PROCESSOR_IDENTIFIER=Intel64 Family 6 Model 142 Stepping 10, GenuineIntel
TMP=C:\Users\chaim\AppData\Local\Temp
TEMP=C:\Users\chaim\AppData\Local\Temp




Periodic native trim disabled

JNI global refs:
JNI global refs: 28, weak refs: 0

JNI global refs memory usage: 835, weak refs: 833

Process memory usage:
Resident Set Size: 334452K (4% of 8228056K total physical memory with 1088740K free physical memory)

OOME stack traces (most recent first):
Classloader memory used:
Loader org.gradle.internal.classloader.VisitableURLClassLoader                         : 34946K
Loader bootstrap                                                                       : 23738K
Loader org.gradle.initialization.MixInLegacyTypesClassLoader                           : 10175K
Loader org.gradle.internal.classloader.VisitableURLClassLoader$InstrumentingVisitableURLClassLoader: 5478K
Loader jdk.internal.loader.ClassLoaders$PlatformClassLoader                            : 498K
Loader jdk.internal.loader.ClassLoaders$AppClassLoader                                 : 234K
Loader jdk.internal.reflect.DelegatingClassLoader                                      : 153K
Loader org.gradle.internal.classloader.VisitableURLClassLoader                         : 117K

Classes loaded by more than one classloader:
Class Program                                                                         : loaded 4 times (x 70B)
Class com.google.common.base.PairwiseEquivalence                                      : loaded 2 times (x 79B)
Class com.google.common.collect.RegularImmutableMap$KeySet                            : loaded 2 times (x 146B)
Class org.gradle.internal.classloader.FilteringClassLoader                            : loaded 2 times (x 101B)
Class [Lcom.google.common.base.AbstractIterator$State;                                : loaded 2 times (x 65B)
Class com.google.common.base.CharMatcher$IsEither                                     : loaded 2 times (x 107B)
Class org.gradle.internal.classloader.ClassLoaderHierarchy                            : loaded 2 times (x 66B)
Class com.google.common.util.concurrent.ExecutionError                                : loaded 2 times (x 78B)
Class com.google.common.collect.ImmutableList$1                                       : loaded 2 times (x 93B)
Class org.gradle.api.internal.classpath.ManifestUtil                                  : loaded 2 times (x 67B)
Class com.google.common.collect.RegularImmutableMap                                   : loaded 2 times (x 117B)
Class com.google.common.collect.ImmutableMap$MapViewOfValuesAsSingletonSets           : loaded 2 times (x 121B)
Class com.google.common.collect.UnmodifiableListIterator                              : loaded 2 times (x 91B)
Class [Lcom.google.common.cache.CacheBuilder$OneWeigher;                              : loaded 2 times (x 65B)
Class com.google.common.base.Suppliers                                                : loaded 2 times (x 67B)
Class org.gradle.internal.classloader.DefaultClassLoaderFactory                       : loaded 2 times (x 78B)
Class com.google.common.base.CharMatcher$None                                         : loaded 2 times (x 108B)
Class org.gradle.internal.classloader.ClassLoaderVisitor                              : loaded 2 times (x 72B)
Class [Lcom.google.common.collect.ImmutableMapEntry;                                  : loaded 2 times (x 65B)
Class org.gradle.api.internal.classpath.EffectiveClassPath                            : loaded 2 times (x 86B)
Class com.google.common.collect.ImmutableEnumMap                                      : loaded 2 times (x 121B)
Class com.google.common.collect.ListMultimap                                          : loaded 2 times (x 66B)
Class com.google.common.base.Splitter                                                 : loaded 2 times (x 68B)
Class org.gradle.api.internal.DefaultClassPathProvider                                : loaded 2 times (x 72B)
Class [Lorg.gradle.api.internal.ClassPathProvider;                                    : loaded 2 times (x 65B)
Class org.gradle.api.internal.ClassPathProvider                                       : loaded 2 times (x 66B)
Class com.google.common.cache.LocalCache$LocalLoadingCache                            : loaded 2 times (x 130B)
Class com.google.common.base.AbstractIterator$State                                   : loaded 2 times (x 75B)
Class org.gradle.internal.service.UnknownServiceException                             : loaded 2 times (x 79B)
Class com.google.common.cache.LocalCache$Strength$1                                   : loaded 2 times (x 77B)
Class com.google.common.cache.LocalCache$Strength$2                                   : loaded 2 times (x 77B)
Class com.google.common.cache.LocalCache$Strength$3                                   : loaded 2 times (x 77B)
Class com.google.common.collect.MapDifference                                         : loaded 2 times (x 66B)
Class com.google.common.base.Splitter$1                                               : loaded 2 times (x 73B)
Class com.google.common.cache.CacheBuilder$NullListener                               : loaded 2 times (x 78B)
Class org.gradle.internal.classpath.TransformedClassPath                              : loaded 2 times (x 92B)
Class org.gradle.internal.classloader.InstrumentingClassLoader                        : loaded 2 times (x 66B)
Class com.google.common.cache.CacheLoader$FunctionToCacheLoader                       : loaded 2 times (x 71B)
Class com.google.common.collect.Iterators$ArrayItr                                    : loaded 2 times (x 93B)
Class com.google.common.collect.ImmutableCollection$Builder                           : loaded 2 times (x 72B)
Class com.google.common.base.MoreObjects                                              : loaded 2 times (x 67B)
Class com.google.common.collect.Platform                                              : loaded 2 times (x 67B)
Class com.google.common.collect.UnmodifiableIterator                                  : loaded 2 times (x 76B)
Class org.gradle.internal.service.ServiceLocator                                      : loaded 2 times (x 66B)
Class com.google.common.collect.SingletonImmutableBiMap                               : loaded 2 times (x 139B)
Class com.google.common.cache.LocalCache$1                                            : loaded 2 times (x 85B)
Class com.google.common.collect.AbstractMapEntry                                      : loaded 2 times (x 77B)
Class com.google.common.cache.LocalCache$2                                            : loaded 2 times (x 138B)
Class com.google.common.collect.AbstractMultimap                                      : loaded 2 times (x 119B)
Class com.google.common.collect.RegularImmutableAsList                                : loaded 2 times (x 212B)
Class com.google.common.collect.Iterators                                             : loaded 2 times (x 67B)
Class com.google.common.base.CharMatcher$RangesMatcher                                : loaded 2 times (x 108B)
Class com.google.common.util.concurrent.UncheckedExecutionException                   : loaded 2 times (x 78B)
Class com.google.common.collect.Lists$StringAsImmutableList                           : loaded 2 times (x 203B)
Class org.gradle.kotlin.dsl.VersionCatalogAccessorsKt                                 : loaded 2 times (x 67B)
Class com.google.common.base.CharMatcher$JavaLetterOrDigit                            : loaded 2 times (x 107B)
Class org.gradle.internal.InternalTransformer                                         : loaded 2 times (x 66B)
Class com.google.common.cache.CacheLoader$UnsupportedLoadingOperationException        : loaded 2 times (x 78B)
Class com.google.common.base.CharMatcher$And                                          : loaded 2 times (x 108B)
Class org.gradle.internal.classloader.ClasspathUtil$1                                 : loaded 2 times (x 72B)
Class com.google.common.collect.IndexedImmutableSet                                   : loaded 2 times (x 146B)
Class com.google.common.collect.ImmutableMap$1                                        : loaded 2 times (x 77B)
Class com.google.common.collect.BiMap                                                 : loaded 2 times (x 66B)
Class org.gradle.api.internal.classpath.DefaultModuleRegistry$DefaultModule           : loaded 2 times (x 82B)
Class com.google.common.collect.AbstractIterator                                      : loaded 2 times (x 78B)
Class com.google.common.math.MathPreconditions                                        : loaded 2 times (x 67B)
Class com.google.common.collect.Multiset                                              : loaded 2 times (x 66B)
Class com.google.common.collect.ArrayListMultimapGwtSerializationDependencies         : loaded 2 times (x 168B)
Class com.google.common.collect.ObjectArrays                                          : loaded 2 times (x 67B)
Class com.google.common.collect.AbstractIndexedListIterator                           : loaded 2 times (x 92B)
Class com.google.common.collect.ImmutableMapEntrySet                                  : loaded 2 times (x 147B)
Class org.gradle.api.internal.classpath.Module                                        : loaded 2 times (x 66B)
Class com.google.common.cache.Weigher                                                 : loaded 2 times (x 66B)
Class org.gradle.api.internal.classpath.UnknownModuleException                        : loaded 2 times (x 78B)
Class com.google.common.cache.LocalCache$Strength                                     : loaded 2 times (x 77B)
Class com.google.common.cache.Cache                                                   : loaded 2 times (x 66B)
Class com.google.common.collect.ImmutableMap$Builder                                  : loaded 2 times (x 78B)
Class com.google.common.base.NullnessCasts                                            : loaded 2 times (x 67B)
Class com.google.common.cache.RemovalListener                                         : loaded 2 times (x 66B)
Class org.gradle.api.internal.DefaultClassPathRegistry                                : loaded 2 times (x 72B)
Class com.google.common.collect.Multimap                                              : loaded 2 times (x 66B)
Class org.gradle.api.internal.ClassPathRegistry                                       : loaded 2 times (x 66B)
Class org.gradle.internal.classpath.DefaultClassPath$ImmutableUniqueList              : loaded 2 times (x 195B)
Class com.google.common.cache.CacheBuilder                                            : loaded 2 times (x 68B)
Class com.google.common.collect.SingletonImmutableList                                : loaded 2 times (x 203B)
Class com.google.common.base.Equivalence$Identity                                     : loaded 2 times (x 78B)
Class Settings_gradle$1                                                               : loaded 2 times (x 70B)
Class org.gradle.internal.classpath.ClassPath                                         : loaded 2 times (x 66B)
Class org.gradle.api.UncheckedIOException                                             : loaded 2 times (x 78B)
Class com.google.common.collect.ImmutableList$ReverseImmutableList                    : loaded 2 times (x 204B)
Class com.google.common.base.JdkPattern                                               : loaded 2 times (x 71B)
Class com.google.common.base.Suppliers$SupplierOfInstance                             : loaded 2 times (x 75B)
Class com.google.common.collect.Iterators$1                                           : loaded 2 times (x 77B)
Class com.google.common.cache.LocalCache$ComputingValueReference                      : loaded 2 times (x 92B)
Class com.google.common.collect.SingletonImmutableSet                                 : loaded 2 times (x 142B)
Class com.google.common.collect.ImmutableMap$IteratorBasedImmutableMap                : loaded 2 times (x 121B)
Class com.google.common.cache.LocalCache$Segment                                      : loaded 2 times (x 150B)
Class com.google.common.cache.CacheLoader                                             : loaded 2 times (x 70B)
Class com.google.common.collect.Iterators$4                                           : loaded 2 times (x 78B)
Class com.google.common.collect.ImmutableBiMap                                        : loaded 2 times (x 139B)
Class com.google.common.collect.AbstractListMultimap                                  : loaded 2 times (x 168B)
Class org.gradle.internal.installation.GradleInstallation$1                           : loaded 2 times (x 71B)
Class org.gradle.api.internal.classpath.ModuleRegistry                                : loaded 2 times (x 66B)
Class com.google.common.collect.Iterators$5                                           : loaded 2 times (x 78B)
Class com.google.common.collect.ImmutableSet$JdkBackedSetBuilderImpl                  : loaded 2 times (x 72B)
Class com.google.common.base.Splitter$SplittingIterator                               : loaded 2 times (x 80B)
Class com.google.common.cache.LocalCache$LocalManualCache$1                           : loaded 2 times (x 71B)
Class com.google.common.base.CharMatcher$ForPredicate                                 : loaded 2 times (x 108B)
Class com.google.common.collect.ImmutableCollection                                   : loaded 2 times (x 121B)
Class com.google.common.base.CharMatcher$AnyOf                                        : loaded 2 times (x 108B)
Class org.gradle.api.internal.classpath.DefaultModuleRegistry                         : loaded 2 times (x 82B)
Class com.google.common.cache.ReferenceEntry                                          : loaded 2 times (x 66B)
Class com.google.common.collect.ImmutableSet$CachingAsList                            : loaded 2 times (x 143B)
Class com.google.common.base.Converter                                                : loaded 2 times (x 86B)
Class com.google.common.collect.Lists                                                 : loaded 2 times (x 67B)
Class com.google.common.base.CharMatcher$Any                                          : loaded 2 times (x 108B)
Class com.google.common.base.FunctionalEquivalence                                    : loaded 2 times (x 79B)
Class com.google.common.collect.Iterators$9                                           : loaded 2 times (x 77B)
Class com.google.common.collect.AbstractMapBasedMultimap                              : loaded 2 times (x 135B)
Class com.google.common.collect.ImmutableAsList                                       : loaded 2 times (x 205B)
Class com.google.common.cache.CacheLoader$SupplierToCacheLoader                       : loaded 2 times (x 71B)
Class com.google.common.collect.Maps$EntryTransformer                                 : loaded 2 times (x 66B)
Class org.gradle.internal.service.ServiceLookupException                              : loaded 2 times (x 78B)
Class [Lcom.google.common.cache.LocalCache$EntryFactory;                              : loaded 2 times (x 65B)
Class com.google.common.base.CharMatcher$JavaLetter                                   : loaded 2 times (x 107B)
Class org.gradle.internal.classloader.ClassLoaderFactory                              : loaded 2 times (x 66B)
Class com.google.common.cache.LocalCache$LocalManualCache                             : loaded 2 times (x 95B)
Class com.google.common.base.CharMatcher$IsNot                                        : loaded 2 times (x 107B)
Class com.google.common.base.CommonPattern                                            : loaded 2 times (x 70B)
Class org.gradle.internal.service.CachingServiceLocator                               : loaded 2 times (x 78B)
Class com.google.common.math.IntMath                                                  : loaded 2 times (x 67B)
Class com.google.common.collect.Iterators$10                                          : loaded 2 times (x 77B)
Class com.google.common.collect.ImmutableMapEntry                                     : loaded 2 times (x 81B)
Class com.google.common.base.CharMatcher$JavaDigit                                    : loaded 2 times (x 107B)
Class com.google.common.base.Equivalence                                              : loaded 2 times (x 78B)
Class com.google.common.collect.ImmutableMapEntry$NonTerminalImmutableMapEntry        : loaded 2 times (x 81B)
Class com.google.common.base.Function                                                 : loaded 2 times (x 66B)
Class com.google.common.cache.CacheBuilder$OneWeigher                                 : loaded 2 times (x 78B)
Class com.google.common.collect.RegularImmutableList                                  : loaded 2 times (x 208B)
Class com.google.common.collect.ImmutableBiMapFauxverideShim                          : loaded 2 times (x 116B)
Class org.gradle.internal.classloader.ClasspathUtil                                   : loaded 2 times (x 67B)
Class com.google.common.collect.Maps                                                  : loaded 2 times (x 67B)
Class com.google.common.base.CharMatcher$JavaUpperCase                                : loaded 2 times (x 107B)
Class org.gradle.api.specs.Spec                                                       : loaded 2 times (x 66B)
Class [Lcom.google.common.collect.ImmutableEntry;                                     : loaded 2 times (x 65B)
Class com.google.common.cache.LocalCache$LoadingValueReference                        : loaded 2 times (x 92B)
Class Build_gradle$1                                                                  : loaded 2 times (x 74B)
Class com.google.common.collect.Maps$8                                                : loaded 2 times (x 78B)
Class com.google.common.base.CharMatcher$Invisible                                    : loaded 2 times (x 108B)
Class org.gradle.internal.classloader.VisitableURLClassLoader$InstrumentingVisitableURLClassLoader: loaded 2 times (x 119B)
Class [Lcom.google.common.cache.CacheBuilder$NullListener;                            : loaded 2 times (x 65B)
Class com.google.common.math.IntMath$1                                                : loaded 2 times (x 67B)
Class org.gradle.internal.classloader.VisitableURLClassLoader$Spec                    : loaded 2 times (x 70B)
Class org.gradle.internal.classpath.DefaultClassPath                                  : loaded 2 times (x 86B)
Class com.google.common.base.AbstractIterator                                         : loaded 2 times (x 76B)
Class com.google.common.collect.RegularImmutableMap$Values                            : loaded 2 times (x 203B)
Class com.google.common.collect.ImmutableSet                                          : loaded 2 times (x 141B)
Class com.google.common.base.CharMatcher$Ascii                                        : loaded 2 times (x 108B)
Class com.google.common.base.CharMatcher$BitSetMatcher                                : loaded 2 times (x 108B)
Class org.gradle.internal.classloader.ClassLoaderSpec                                 : loaded 2 times (x 67B)
Class com.google.common.cache.CacheStats                                              : loaded 2 times (x 67B)
Class com.google.common.base.CharMatcher$Or                                           : loaded 2 times (x 108B)
Class Settings_gradle$1$1                                                             : loaded 2 times (x 70B)
Class com.google.common.base.Supplier                                                 : loaded 2 times (x 66B)
Class org.gradle.internal.classloader.VisitableURLClassLoader                         : loaded 2 times (x 113B)
Class Settings_gradle                                                                 : loaded 2 times (x 124B)
Class org.gradle.internal.Cast                                                        : loaded 2 times (x 67B)
Class org.gradle.api.Action                                                           : loaded 2 times (x 66B)
Class com.google.common.base.Ticker                                                   : loaded 2 times (x 68B)
Class com.google.common.base.CharMatcher$FastMatcher                                  : loaded 2 times (x 107B)
Class [Lcom.google.common.cache.LocalCache$Segment;                                   : loaded 2 times (x 65B)
Class [Lcom.google.common.cache.LocalCache$Strength;                                  : loaded 2 times (x 65B)
Class com.google.common.cache.CacheBuilder$1                                          : loaded 2 times (x 81B)
Class com.google.common.collect.ImmutableMap                                          : loaded 2 times (x 116B)
Class com.google.common.base.Predicate                                                : loaded 2 times (x 66B)
Class org.gradle.internal.classpath.DefaultClassPath$ImmutableUniqueList$Builder      : loaded 2 times (x 71B)
Class com.google.common.cache.LocalCache                                              : loaded 2 times (x 183B)
Class com.google.common.cache.CacheBuilder$2                                          : loaded 2 times (x 68B)
Class com.google.common.base.CharMatcher$NegatedFastMatcher                           : loaded 2 times (x 109B)
Class [Lcom.google.common.collect.AbstractMapEntry;                                   : loaded 2 times (x 65B)
Class com.google.common.collect.ImmutableEntry                                        : loaded 2 times (x 78B)
Class com.google.common.collect.ArrayListMultimap                                     : loaded 2 times (x 168B)
Class com.google.common.base.AbstractIterator$1                                       : loaded 2 times (x 67B)
Class com.google.common.base.CharMatcher$Digit                                        : loaded 2 times (x 108B)
Class org.gradle.api.GradleException                                                  : loaded 2 times (x 78B)
Class com.google.common.collect.CollectPreconditions                                  : loaded 2 times (x 67B)
Class com.google.common.base.CharMatcher$JavaIsoControl                               : loaded 2 times (x 108B)
Class com.google.common.collect.SortedMapDifference                                   : loaded 2 times (x 66B)
Class com.google.common.base.CharMatcher$JavaLowerCase                                : loaded 2 times (x 107B)
Class com.google.common.cache.LocalCache$EntryFactory                                 : loaded 2 times (x 79B)
Class com.google.common.base.Splitter$1$1                                             : loaded 2 times (x 82B)
Class com.google.common.base.CharMatcher$Whitespace                                   : loaded 2 times (x 108B)
Class org.gradle.internal.IoActions                                                   : loaded 2 times (x 67B)
Class com.google.common.cache.CacheLoader$InvalidCacheLoadException                   : loaded 2 times (x 78B)
Class com.google.common.collect.ImmutableSet$RegularSetBuilderImpl                    : loaded 2 times (x 73B)
Class com.google.common.base.CharMatcher$SingleWidth                                  : loaded 2 times (x 108B)
Class org.gradle.internal.classloader.SystemClassLoaderSpec                           : loaded 2 times (x 67B)
Class com.google.common.cache.LoadingCache                                            : loaded 2 times (x 66B)
Class [Lcom.google.common.cache.Weigher;                                              : loaded 2 times (x 65B)
Class com.google.common.collect.RegularImmutableMap$BucketOverflowException           : loaded 2 times (x 78B)
Class com.google.common.collect.RegularImmutableBiMap                                 : loaded 2 times (x 144B)
Class com.google.common.cache.LocalCache$ValueReference                               : loaded 2 times (x 66B)
Class com.google.common.base.CharMatcher$Is                                           : loaded 2 times (x 107B)
Class com.google.common.base.CharMatcher$Negated                                      : loaded 2 times (x 109B)
Class com.google.common.base.Equivalence$Equals                                       : loaded 2 times (x 78B)
Class com.google.common.collect.Hashing                                               : loaded 2 times (x 67B)
Class com.google.common.base.Preconditions                                            : loaded 2 times (x 67B)
Class com.google.common.collect.PeekingIterator                                       : loaded 2 times (x 66B)
Class com.google.common.base.CharMatcher                                              : loaded 2 times (x 107B)
Class com.google.common.cache.LocalCache$EntryFactory$1                               : loaded 2 times (x 79B)
Class [Lcom.google.common.cache.RemovalListener;                                      : loaded 2 times (x 65B)
Class com.google.common.base.CharMatcher$1                                            : loaded 2 times (x 109B)
Class com.google.common.base.CharMatcher$NamedFastMatcher                             : loaded 2 times (x 108B)
Class com.google.common.cache.LocalCache$EntryFactory$2                               : loaded 2 times (x 79B)
Class org.gradle.api.internal.classpath.GlobalCacheRootsProvider                      : loaded 2 times (x 66B)
Class com.google.common.cache.LocalCache$EntryFactory$3                               : loaded 2 times (x 79B)
Class com.google.common.base.Ticker$1                                                 : loaded 2 times (x 68B)
Class com.google.common.collect.ImmutableMapEntrySet$RegularEntrySet                  : loaded 2 times (x 147B)
Class com.google.common.collect.Maps$BiMapConverter                                   : loaded 2 times (x 86B)
Class com.google.common.cache.LocalCache$EntryFactory$4                               : loaded 2 times (x 79B)
Class com.google.common.collect.ImmutableSet$Builder                                  : loaded 2 times (x 81B)
Class com.google.common.base.CharMatcher$InRange                                      : loaded 2 times (x 107B)
Class com.google.common.cache.LocalCache$EntryFactory$5                               : loaded 2 times (x 79B)
Class com.google.common.cache.LocalCache$EntryFactory$6                               : loaded 2 times (x 79B)
Class Build_gradle                                                                    : loaded 2 times (x 68B)
Class org.gradle.internal.installation.CurrentGradleInstallationLocator               : loaded 2 times (x 67B)
Class com.google.common.cache.LocalCache$EntryFactory$7                               : loaded 2 times (x 79B)
Class com.google.common.collect.ImmutableSet$EmptySetBuilderImpl                      : loaded 2 times (x 72B)
Class com.google.common.collect.ImmutableList                                         : loaded 2 times (x 202B)
Class org.gradle.internal.service.DefaultServiceLocator                               : loaded 2 times (x 79B)
Class com.google.common.cache.LocalCache$EntryFactory$8                               : loaded 2 times (x 79B)
Class com.google.common.collect.ImmutableSet$SetBuilderImpl                           : loaded 2 times (x 72B)
Class org.gradle.internal.installation.CurrentGradleInstallation                      : loaded 2 times (x 69B)
Class com.google.common.cache.CacheLoader$1                                           : loaded 2 times (x 71B)
Class com.google.common.collect.ImmutableList$SubList                                 : loaded 2 times (x 204B)
Class org.gradle.util.internal.GUtil                                                  : loaded 2 times (x 67B)
Class com.google.common.cache.AbstractCache$StatsCounter                              : loaded 2 times (x 66B)
Class com.google.common.collect.Iterators$MergingIterator                             : loaded 2 times (x 77B)
Class com.google.common.collect.RegularImmutableSet                                   : loaded 2 times (x 144B)
Class org.gradle.internal.installation.GradleInstallation                             : loaded 2 times (x 71B)
Class com.google.common.collect.Iterables                                             : loaded 2 times (x 67B)
Class com.google.common.base.Splitter$Strategy                                        : loaded 2 times (x 66B)

---------------  S Y S T E M  ---------------

OS:
 Windows 11 , 64 bit Build 26100 (10.0.26100.3912)
OS uptime: 0 days 2:02 hours
Hyper-V role detected

CPU: total 8 (initial active 8) (4 cores per cpu, 2 threads per core) family 6 model 142 stepping 10 microcode 0xf6, cx8, cmov, fxsr, ht, mmx, 3dnowpref, sse, sse2, sse3, ssse3, sse4.1, sse4.2, popcnt, lzcnt, tsc, tscinvbit, avx, avx2, aes, erms, clmul, bmi1, bmi2, rtm, adx, fma, vzeroupper, clflush, clflushopt, hv, rdtscp, f16c
Processor Information for the first 8 processors :
  Max Mhz: 1896, Current Mhz: 1696, Mhz Limit: 1687

Memory: 4k page, system-wide physical 8035M (1063M free)
TotalPageFile size 8035M (AvailPageFile size 6M)
current process WorkingSet (physical memory assigned to process): 326M, peak: 328M
current process commit charge ("private bytes"): 363M, peak: 365M

vm_info: OpenJDK 64-Bit Server VM (21.0.6+-13355223-b631.42) for windows-amd64 JRE (21.0.6+-13355223-b631.42), built on 2025-04-14T18:21:23Z by "builder" with MS VC++ 16.10 / 16.11 (VS2019)

END.
